\BOOKMARK [-1][-]{part.1}{\376\377\000I\000\040\000T\000h\000e\000r\000m\000o\000d\000y\000n\000a\000m\000i\000c\000s}{}% 1
\BOOKMARK [0][-]{chapter.1}{\376\377\000B\000a\000s\000i\000c\000\040\000T\000h\000e\000r\000m\000o\000d\000y\000n\000a\000m\000i\000c\000\040\000C\000o\000n\000c\000e\000p\000t\000s}{part.1}% 2
\BOOKMARK [1][-]{section.1.1}{\376\377\000D\000e\000f\000i\000n\000i\000t\000i\000o\000n\000s}{chapter.1}% 3
\BOOKMARK [2][-]{subsection.1.1.1}{\376\377\000B\000a\000s\000i\000c\000\040\000T\000h\000e\000r\000m\000o\000d\000y\000n\000a\000m\000i\000c\000\040\000D\000e\000f\000i\000n\000i\000t\000i\000o\000n\000s}{section.1.1}% 4
\BOOKMARK [2][-]{subsection.1.1.2}{\376\377\000M\000u\000l\000t\000i\000p\000l\000e\000\040\000C\000o\000n\000s\000t\000i\000t\000u\000e\000n\000t\000s}{section.1.1}% 5
\BOOKMARK [1][-]{section.1.2}{\376\377\000I\000d\000e\000a\000l\000\040\000G\000a\000s\000e\000s}{chapter.1}% 6
\BOOKMARK [2][-]{subsection.1.2.1}{\376\377\000S\000i\000n\000g\000l\000e\000\040\000C\000o\000n\000s\000t\000i\000t\000u\000e\000n\000t\000\040\000A\000t\000m\000o\000s\000p\000h\000e\000r\000e}{section.1.2}% 7
\BOOKMARK [2][-]{subsection.1.2.2}{\376\377\000M\000u\000l\000t\000i\000p\000l\000e\000\040\000C\000o\000n\000s\000t\000i\000t\000u\000e\000n\000t\000s\000\040\000i\000n\000\040\000a\000n\000\040\000A\000t\000m\000o\000s\000p\000h\000e\000r\000e\000\040\000a\000n\000d\000\040\000D\000a\000l\000t\000o\000n\000'\000s\000\040\000L\000a\000w}{section.1.2}% 8
\BOOKMARK [1][-]{section.1.3}{\376\377\000H\000e\000a\000t\000\040\000C\000a\000p\000a\000c\000i\000t\000y\000\040\000a\000n\000d\000\040\000t\000h\000e\000\040\000E\000q\000u\000i\000p\000a\000r\000t\000i\000t\000i\000o\000n\000\040\000T\000h\000e\000o\000r\000e\000m}{chapter.1}% 9
\BOOKMARK [2][-]{subsection.1.3.1}{\376\377\000"\000E\000x\000c\000i\000t\000e\000d\000"\000\040\000a\000n\000d\000\040\000"\000F\000r\000o\000z\000e\000n\000-\000o\000u\000t\000"\000\040\000D\000e\000g\000r\000e\000e\000s\000\040\000o\000f\000\040\000F\000r\000e\000e\000d\000o\000m}{section.1.3}% 10
\BOOKMARK [1][-]{section.1.4}{\376\377\000H\000y\000d\000r\000o\000s\000t\000a\000t\000i\000c\000\040\000B\000a\000l\000a\000n\000c\000e}{chapter.1}% 11
\BOOKMARK [2][-]{subsection.1.4.1}{\376\377\000E\000x\000a\000m\000p\000l\000e\000\040\0001\000:\000\040\000C\000o\000n\000s\000t\000a\000n\000t\000\040\000D\000e\000n\000s\000i\000t\000y}{section.1.4}% 12
\BOOKMARK [2][-]{subsection.1.4.2}{\376\377\000E\000x\000a\000m\000p\000l\000e\000\040\0002\000:\000\040\000I\000d\000e\000a\000l\000\040\000G\000a\000s}{section.1.4}% 13
\BOOKMARK [2][-]{subsection.1.4.3}{\376\377\000E\000x\000a\000m\000p\000l\000e\000\040\0003\000:\000\040\000S\000o\000l\000i\000d\000\040\000R\000o\000c\000k\000\040\000P\000l\000a\000n\000e\000t}{section.1.4}% 14
\BOOKMARK [0][-]{chapter.2}{\376\377\000D\000r\000y\000\040\000T\000h\000e\000r\000m\000o\000d\000y\000n\000a\000m\000i\000c\000s}{part.1}% 15
\BOOKMARK [1][-]{section.2.1}{\376\377\000T\000h\000e\000\040\000V\000e\000r\000t\000i\000c\000a\000l\000\040\000S\000t\000r\000u\000c\000t\000u\000r\000e\000\040\000o\000f\000\040\000A\000t\000m\000o\000s\000p\000h\000e\000r\000e\000s}{chapter.2}% 16
\BOOKMARK [1][-]{section.2.2}{\376\377\000T\000h\000e\000\040\000D\000r\000y\000\040\000A\000d\000i\000a\000b\000a\000t\000:\000\040\000R\000i\000s\000i\000n\000g\000\040\000a\000n\000d\000\040\000F\000a\000l\000l\000i\000n\000g\000\040\000P\000a\000r\000c\000e\000l\000s\000\040\000o\000f\000\040\000A\000i\000r}{chapter.2}% 17
\BOOKMARK [2][-]{subsection.2.2.1}{\376\377\000D\000e\000r\000i\000v\000a\000t\000i\000o\000n}{section.2.2}% 18
\BOOKMARK [2][-]{subsection.2.2.2}{\376\377\000P\000h\000y\000s\000i\000c\000a\000l\000\040\000I\000n\000t\000e\000r\000p\000r\000e\000t\000a\000t\000i\000o\000n}{section.2.2}% 19
\BOOKMARK [1][-]{section.2.3}{\376\377\000P\000o\000t\000e\000n\000t\000i\000a\000l\000\040\000T\000e\000m\000p\000e\000r\000a\000t\000u\000r\000e}{chapter.2}% 20
\BOOKMARK [1][-]{section.2.4}{\376\377\000C\000o\000n\000v\000e\000c\000t\000i\000o\000n}{chapter.2}% 21
\BOOKMARK [2][-]{subsection.2.4.1}{\376\377\000B\000u\000o\000y\000a\000n\000c\000y}{section.2.4}% 22
\BOOKMARK [2][-]{subsection.2.4.2}{\376\377\000C\000o\000n\000v\000e\000c\000t\000i\000v\000e\000\040\000I\000n\000s\000t\000a\000b\000i\000l\000i\000t\000y\000\040\000C\000r\000i\000t\000e\000r\000i\000o\000n}{section.2.4}% 23
\BOOKMARK [2][-]{subsection.2.4.3}{\376\377\000C\000o\000n\000v\000e\000c\000t\000i\000v\000e\000\040\000S\000t\000a\000b\000i\000l\000i\000t\000y\000\040\000C\000r\000i\000t\000e\000r\000i\000o\000n\000\040\000w\000i\000t\000h\000\040\000P\000o\000t\000e\000n\000t\000i\000a\000l\000\040\000T\000e\000m\000p\000e\000r\000a\000t\000u\000r\000e}{section.2.4}% 24
\BOOKMARK [2][-]{subsection.2.4.4}{\376\377\000C\000A\000P\000E\000,\000\040\000L\000F\000C\000,\000\040\000L\000N\000B}{section.2.4}% 25
\BOOKMARK [2][-]{subsection.2.4.5}{\376\377\000C\000o\000n\000s\000e\000r\000v\000a\000t\000i\000o\000n\000\040\000o\000f\000\040\000E\000n\000t\000h\000a\000l\000p\000y\000\040\000d\000u\000r\000i\000n\000g\000\040\000C\000o\000n\000v\000e\000c\000t\000i\000o\000n}{section.2.4}% 26
\BOOKMARK [0][-]{chapter.3}{\376\377\000M\000o\000i\000s\000t\000\040\000T\000h\000e\000r\000m\000o\000d\000y\000n\000a\000m\000i\000c\000s}{part.1}% 27
\BOOKMARK [1][-]{section.3.1}{\376\377\000P\000h\000a\000s\000e\000\040\000T\000r\000a\000n\000s\000i\000t\000i\000o\000n\000s}{chapter.3}% 28
\BOOKMARK [1][-]{section.3.2}{\376\377\000T\000h\000e\000\040\000C\000l\000a\000u\000s\000i\000u\000s\000-\000C\000l\000a\000p\000e\000y\000r\000o\000n\000\040\000R\000e\000l\000a\000t\000i\000o\000n}{chapter.3}% 29
\BOOKMARK [1][-]{section.3.3}{\376\377\000T\000h\000e\000\040\000M\000o\000i\000s\000t\000\040\000P\000s\000e\000u\000d\000o\000-\000A\000d\000i\000a\000b\000a\000t\000:\000\040\000L\000i\000f\000t\000i\000n\000g\000\040\000M\000o\000i\000s\000t\000\040\000P\000a\000r\000c\000e\000l\000s\000\040\000o\000f\000\040\000A\000i\000r}{chapter.3}% 30
\BOOKMARK [2][-]{subsection.3.3.1}{\376\377\000L\000i\000m\000i\000t\000\040\000I\000:\000\040\000S\000i\000n\000g\000l\000e\000\040\000C\000o\000m\000p\000o\000n\000e\000n\000t\000\040\000C\000o\000n\000d\000e\000n\000s\000i\000b\000l\000e\000\040\000A\000t\000m\000o\000s\000p\000h\000e\000r\000e}{section.3.3}% 31
\BOOKMARK [2][-]{subsection.3.3.2}{\376\377\000L\000i\000m\000i\000t\000\040\000I\000I\000:\000\040\000D\000i\000l\000u\000t\000e\000\040\000C\000o\000n\000d\000e\000n\000s\000i\000b\000l\000e}{section.3.3}% 32
\BOOKMARK [2][-]{subsection.3.3.3}{\376\377\000M\000o\000i\000s\000t\000\040\000C\000o\000n\000v\000e\000c\000t\000i\000o\000n}{section.3.3}% 33
\BOOKMARK [-1][-]{part.2}{\376\377\000I\000I\000\040\000R\000a\000d\000i\000a\000t\000i\000v\000e\000\040\000T\000r\000a\000n\000s\000f\000e\000r}{}% 34
\BOOKMARK [0][-]{chapter.4}{\376\377\000B\000a\000s\000i\000c\000\040\000R\000a\000d\000i\000a\000t\000i\000o\000n\000\040\000C\000o\000n\000c\000e\000p\000t\000s}{part.2}% 35
\BOOKMARK [1][-]{section.4.1}{\376\377\000D\000i\000r\000e\000c\000t\000i\000o\000n\000\040\000o\000f\000\040\000R\000a\000d\000i\000a\000t\000i\000o\000n\000:\000\040\000R\000a\000y\000s\000\040\000a\000n\000d\000\040\000S\000o\000l\000i\000d\000\040\000A\000n\000g\000l\000e}{chapter.4}% 36
\BOOKMARK [1][-]{section.4.2}{\376\377\000M\000a\000g\000n\000i\000t\000u\000d\000e\000\040\000o\000f\000\040\000R\000a\000d\000i\000a\000t\000i\000o\000n\000:\000\040\000\050\000S\000p\000e\000c\000t\000r\000a\000l\000\051\000\040\000R\000a\000d\000i\000a\000n\000c\000e\000\040\000a\000n\000d\000\040\000\050\000S\000p\000e\000c\000t\000r\000a\000l\000\051\000\040\000I\000r\000r\000a\000d\000i\000a\000n\000c\000e}{chapter.4}% 37
\BOOKMARK [2][-]{subsection.4.2.1}{\376\377\000F\000r\000e\000q\000u\000e\000n\000c\000y\000,\000\040\000W\000a\000v\000e\000l\000e\000n\000g\000t\000h\000,\000\040\000a\000n\000d\000\040\000W\000a\000v\000e\000n\000u\000m\000b\000e\000r}{section.4.2}% 38
\BOOKMARK [1][-]{section.4.3}{\376\377\000E\000m\000i\000s\000s\000i\000o\000n\000:\000\040\000B\000l\000a\000c\000k\000\040\000B\000o\000d\000y\000\040\000R\000a\000d\000i\000a\000t\000i\000o\000n}{chapter.4}% 39
\BOOKMARK [2][-]{subsection.4.3.1}{\376\377\000E\000m\000i\000s\000s\000i\000v\000i\000t\000y\000\040\000a\000n\000d\000\040\000K\000i\000r\000c\000h\000o\000f\000f\000'\000s\000\040\000L\000a\000w}{section.4.3}% 40
\BOOKMARK [2][-]{subsection.4.3.2}{\376\377\000C\000a\000l\000u\000l\000a\000t\000i\000n\000g\000\040\000t\000h\000e\000\040\000S\000t\000e\000l\000l\000a\000r\000\040\000C\000o\000n\000s\000t\000a\000n\000t}{section.4.3}% 41
\BOOKMARK [1][-]{section.4.4}{\376\377\000A\000b\000s\000o\000r\000p\000t\000i\000o\000n\000:\000\040\000O\000p\000t\000i\000c\000a\000l\000\040\000T\000h\000i\000c\000k\000n\000e\000s\000s\000\040\000a\000n\000d\000\040\000T\000r\000a\000n\000s\000m\000i\000s\000s\000i\000o\000n\000\040\000F\000u\000n\000c\000t\000i\000o\000n}{chapter.4}% 42
\BOOKMARK [2][-]{subsection.4.4.1}{\376\377\000E\000x\000a\000m\000p\000l\000e\000:\000\040\000G\000r\000e\000y\000\040\000A\000t\000m\000o\000s\000p\000h\000e\000r\000e\000\040\000a\000n\000d\000\040\000W\000e\000l\000l\000\040\000M\000i\000x\000e\000d\000\040\000A\000b\000s\000o\000r\000b\000e\000r}{section.4.4}% 43
\BOOKMARK [0][-]{chapter.5}{\376\377\000M\000o\000l\000e\000c\000u\000l\000a\000r\000\040\000S\000p\000e\000c\000t\000r\000o\000s\000c\000o\000p\000y}{part.2}% 44
\BOOKMARK [1][-]{section.5.1}{\376\377\000S\000p\000e\000c\000t\000r\000a\000l\000\040\000L\000i\000n\000e\000s}{chapter.5}% 45
\BOOKMARK [2][-]{subsection.5.1.1}{\376\377\000L\000i\000n\000e\000\040\000C\000e\000n\000t\000r\000e}{section.5.1}% 46
\BOOKMARK [2][-]{subsection.5.1.2}{\376\377\000L\000i\000n\000e\000\040\000S\000t\000r\000e\000n\000g\000t\000h}{section.5.1}% 47
\BOOKMARK [1][-]{section.5.2}{\376\377\000B\000r\000o\000a\000d\000e\000n\000i\000n\000g\000\040\000M\000e\000c\000h\000a\000n\000i\000s\000m\000s\000:\000\040\000L\000i\000n\000e\000\040\000S\000h\000a\000p\000e\000\040\000a\000n\000d\000\040\000W\000i\000d\000t\000h}{chapter.5}% 48
\BOOKMARK [2][-]{subsection.5.2.1}{\376\377\000U\000n\000c\000e\000r\000t\000a\000i\000n\000t\000y\000\040\000B\000r\000o\000a\000d\000e\000n\000i\000n\000g}{section.5.2}% 49
\BOOKMARK [2][-]{subsection.5.2.2}{\376\377\000D\000o\000p\000p\000l\000e\000r\000\040\000B\000r\000o\000a\000d\000e\000n\000i\000n\000g}{section.5.2}% 50
\BOOKMARK [2][-]{subsection.5.2.3}{\376\377\000C\000o\000l\000l\000i\000s\000i\000o\000n\000a\000l\000/\000P\000r\000e\000s\000s\000u\000r\000e\000\040\000B\000r\000o\000a\000d\000e\000n\000i\000n\000g}{section.5.2}% 51
\BOOKMARK [1][-]{section.5.3}{\376\377\000C\000o\000n\000t\000i\000n\000u\000u\000m\000\040\000A\000b\000s\000o\000r\000p\000t\000i\000o\000n}{chapter.5}% 52
\BOOKMARK [0][-]{chapter.6}{\376\377\000T\000h\000e\000\040\000S\000c\000h\000w\000a\000r\000z\000s\000c\000h\000i\000l\000d\000\040\000E\000q\000u\000a\000t\000i\000o\000n}{part.2}% 53
\BOOKMARK [1][-]{section.6.1}{\376\377\000T\000h\000e\000\040\000E\000q\000u\000a\000t\000i\000o\000n\000s\000\040\000o\000f\000\040\000M\000o\000t\000i\000o\000n}{chapter.6}% 54
\BOOKMARK [1][-]{section.6.2}{\376\377\000A\000n\000g\000l\000e\000\040\000A\000v\000e\000r\000a\000g\000i\000n\000g\000:\000\040\000T\000h\000e\000\040\000T\000w\000o\000-\000S\000t\000r\000e\000a\000m\000\040\000A\000p\000p\000r\000o\000x\000i\000m\000a\000t\000i\000o\000n}{chapter.6}% 55
\BOOKMARK [1][-]{section.6.3}{\376\377\000G\000e\000n\000e\000r\000a\000l\000\040\000S\000o\000l\000u\000t\000i\000o\000n\000s\000\040\000a\000n\000d\000\040\000R\000a\000d\000i\000a\000t\000i\000n\000g\000\040\000L\000e\000v\000e\000l}{chapter.6}% 56
\BOOKMARK [1][-]{section.6.4}{\376\377\000F\000r\000e\000q\000u\000e\000n\000c\000y\000\040\000B\000a\000n\000d\000s}{chapter.6}% 57
\BOOKMARK [2][-]{subsection.6.4.1}{\376\377\000T\000h\000e\000\040\000N\000o\000-\000L\000i\000n\000e\000\040\000L\000i\000m\000i\000t}{section.6.4}% 58
\BOOKMARK [2][-]{subsection.6.4.2}{\376\377\000T\000h\000e\000\040\000W\000e\000a\000k\000\040\000L\000i\000n\000e\000\040\000L\000i\000m\000i\000t}{section.6.4}% 59
\BOOKMARK [2][-]{subsection.6.4.3}{\376\377\000T\000h\000e\000\040\000S\000t\000r\000o\000n\000g\000\040\000L\000i\000n\000e\000\040\000L\000i\000m\000i\000t}{section.6.4}% 60
\BOOKMARK [2][-]{subsection.6.4.4}{\376\377\000N\000o\000n\000-\000I\000s\000o\000l\000a\000t\000e\000d\000\040\000L\000i\000n\000e\000s}{section.6.4}% 61
\BOOKMARK [1][-]{section.6.5}{\376\377\000R\000a\000d\000i\000a\000t\000i\000v\000e\000\040\000F\000o\000r\000c\000i\000n\000g}{chapter.6}% 62
\BOOKMARK [2][-]{subsection.6.5.1}{\376\377\000T\000h\000e\000\040\000W\000e\000a\000k\000\040\000L\000i\000n\000e\000\040\000L\000i\000m\000i\000t}{section.6.5}% 63
\BOOKMARK [2][-]{subsection.6.5.2}{\376\377\000T\000h\000e\000\040\000S\000t\000r\000o\000n\000g\000\040\000L\000i\000n\000e\000\040\000L\000i\000m\000i\000t}{section.6.5}% 64
\BOOKMARK [1][-]{section.6.6}{\376\377\000G\000r\000e\000y\000\040\000G\000a\000s\000e\000s}{chapter.6}% 65
\BOOKMARK [0][-]{chapter.7}{\376\377\000R\000a\000d\000i\000a\000t\000i\000v\000e\000\040\000E\000q\000u\000i\000l\000i\000b\000r\000i\000u\000m}{part.2}% 66
\BOOKMARK [1][-]{section.7.1}{\376\377\000G\000r\000e\000y\000\040\000G\000a\000s\000e\000s\000,\000\040\000b\000u\000t\000\040\000i\000n\000\040\000R\000a\000d\000i\000a\000t\000i\000v\000e\000\040\000E\000q\000u\000i\000l\000i\000b\000r\000i\000u\000m}{chapter.7}% 67
\BOOKMARK [1][-]{section.7.2}{\376\377\000G\000e\000n\000e\000r\000a\000l\000\040\000S\000o\000l\000u\000t\000i\000o\000n}{chapter.7}% 68
\BOOKMARK [2][-]{subsection.7.2.1}{\376\377\000D\000e\000r\000i\000v\000a\000t\000i\000o\000n}{section.7.2}% 69
\BOOKMARK [2][-]{subsection.7.2.2}{\376\377\000I\000n\000t\000e\000r\000p\000r\000e\000t\000a\000t\000i\000o\000n}{section.7.2}% 70
\BOOKMARK [2][-]{subsection.7.2.3}{\376\377\000I\000n\000t\000e\000r\000n\000a\000l\000\040\000L\000e\000a\000k\000a\000g\000e}{section.7.2}% 71
\BOOKMARK [2][-]{subsection.7.2.4}{\376\377\000S\000h\000o\000r\000t\000w\000a\000v\000e\000\040\000a\000b\000s\000o\000r\000b\000e\000r\000s}{section.7.2}% 72
\BOOKMARK [-1][-]{part.3}{\376\377\000I\000I\000I\000\040\000C\000l\000o\000u\000d\000s}{}% 73
\BOOKMARK [0][-]{chapter.8}{\376\377\000C\000o\000n\000v\000e\000c\000t\000i\000o\000n\000\040\000a\000n\000d\000\040\000T\000h\000e\000r\000m\000o\000d\000y\000n\000a\000m\000i\000c\000s}{part.3}% 74
\BOOKMARK [1][-]{section.8.1}{\376\377\000D\000e\000f\000i\000n\000i\000t\000i\000o\000n\000s\000\040\000o\000f\000\040\000H\000u\000m\000i\000d\000i\000t\000y}{chapter.8}% 75
\BOOKMARK [2][-]{subsection.8.1.1}{\376\377\000h\000i}{section.8.1}% 76
\BOOKMARK [2][-]{subsection.8.1.2}{\376\377\000C\000l\000a\000u\000s\000i\000u\000s\000-\000C\000l\000a\000p\000e\000y\000r\000o\000n\000\040\000R\000e\000l\000a\000t\000i\000o\000n}{section.8.1}% 77
\BOOKMARK [1][-]{section.8.2}{\376\377\000C\000o\000n\000v\000e\000c\000t\000i\000o\000n\000\040\000a\000n\000d\000\040\000T\000e\000p\000h\000i\000g\000r\000a\000m\000s}{chapter.8}% 78
\BOOKMARK [1][-]{section.8.3}{\376\377\000R\000a\000d\000i\000a\000t\000i\000v\000e\000-\000C\000o\000n\000v\000e\000c\000t\000i\000v\000e\000\040\000E\000q\000u\000i\000l\000i\000b\000r\000i\000u\000m}{chapter.8}% 79
\BOOKMARK [0][-]{chapter.9}{\376\377\000W\000a\000r\000m\000\040\000C\000l\000o\000u\000d\000\040\000M\000i\000c\000r\000o\000p\000h\000y\000s\000i\000c\000s}{part.3}% 80
\BOOKMARK [1][-]{section.9.1}{\376\377\000G\000r\000o\000w\000t\000h\000\040\000i\000n\000\040\000T\000h\000e\000r\000m\000o\000d\000y\000n\000a\000m\000i\000c\000\040\000E\000q\000u\000i\000l\000i\000b\000r\000i\000u\000m}{chapter.9}% 81
\BOOKMARK [2][-]{subsection.9.1.1}{\376\377\000H\000o\000m\000o\000g\000e\000n\000o\000u\000s\000\040\000N\000u\000c\000l\000e\000a\000t\000i\000o\000n\000:\000\040\000T\000h\000e\000\040\000K\000e\000l\000v\000i\000n\000\040\000E\000q\000u\000a\000t\000i\000o\000n}{section.9.1}% 82
\BOOKMARK [2][-]{subsection.9.1.2}{\376\377\000H\000o\000m\000o\000g\000e\000n\000o\000u\000s\000\040\000N\000u\000c\000l\000e\000a\000t\000i\000o\000n\000:\000\040\000T\000h\000e\000\040\000R\000a\000o\000u\000l\000t\000\040\000E\000q\000u\000a\000t\000i\000o\000n}{section.9.1}% 83
\BOOKMARK [2][-]{subsection.9.1.3}{\376\377\000T\000h\000e\000\040\000K\000\366\000h\000l\000e\000r\000\040\000E\000q\000u\000a\000t\000i\000o\000n}{section.9.1}% 84
\BOOKMARK [1][-]{section.9.2}{\376\377\000G\000r\000o\000w\000t\000h\000\040\000b\000y\000\040\000C\000o\000n\000d\000e\000n\000s\000a\000t\000i\000o\000n}{chapter.9}% 85
\BOOKMARK [2][-]{subsection.9.2.1}{\376\377\000D\000i\000f\000f\000u\000s\000i\000o\000n\000\040\000o\000f\000\040\000W\000a\000t\000e\000r\000\040\000M\000o\000l\000e\000c\000u\000l\000e\000s}{section.9.2}% 86
\BOOKMARK [2][-]{subsection.9.2.2}{\376\377\000D\000i\000f\000f\000u\000s\000i\000o\000n\000\040\000o\000f\000\040\000H\000e\000a\000t}{section.9.2}% 87
\BOOKMARK [1][-]{section.9.3}{\376\377\000G\000r\000o\000w\000t\000h\000\040\000b\000y\000\040\000C\000o\000l\000l\000i\000s\000i\000o\000n\000/\000C\000o\000l\000l\000e\000c\000t\000i\000o\000n\000/\000C\000o\000a\000l\000l\000e\000s\000c\000e\000n\000c\000e}{chapter.9}% 88
\BOOKMARK [2][-]{subsection.9.3.1}{\376\377\000C\000o\000l\000l\000i\000s\000i\000o\000n\000\040\000P\000r\000o\000c\000e\000s\000s\000e\000s}{section.9.3}% 89
\BOOKMARK [0][-]{chapter.10}{\376\377\000C\000o\000l\000d\000\040\000C\000l\000o\000u\000d\000\040\000M\000i\000c\000r\000o\000p\000h\000y\000s\000i\000c\000s}{part.3}% 90
\BOOKMARK [0][-]{chapter.11}{\376\377\000C\000l\000o\000u\000d\000\040\000M\000o\000r\000p\000h\000o\000l\000o\000g\000y\000,\000\040\000R\000a\000d\000i\000a\000t\000i\000o\000n\000,\000\040\000a\000n\000d\000\040\000C\000l\000i\000m\000a\000t\000e}{part.3}% 91
\BOOKMARK [-1][-]{part.4}{\376\377\000I\000V\000\040\000I\000n\000s\000t\000r\000u\000m\000e\000n\000t\000a\000t\000i\000o\000n}{}% 92
\BOOKMARK [-1][-]{part.5}{\376\377\000V\000\040\000C\000l\000i\000m\000a\000t\000e\000\040\000D\000y\000n\000a\000m\000i\000c\000s}{}% 93
\BOOKMARK [0][-]{chapter.12}{\376\377\000D\000y\000n\000a\000m\000i\000c\000a\000l\000\040\000S\000y\000s\000t\000e\000m\000s}{part.5}% 94
\BOOKMARK [1][-]{section.12.1}{\376\377\000T\000h\000e\000\040\000E\000q\000u\000a\000t\000i\000o\000n\000s\000\040\000o\000f\000\040\000M\000o\000t\000i\000o\000n}{chapter.12}% 95
\BOOKMARK [1][-]{section.12.2}{\376\377\000S\000o\000l\000v\000i\000n\000g\000\040\000t\000h\000e\000\040\000S\000y\000s\000t\000e\000m\000\040\000b\000y\000\040\000D\000i\000a\000g\000o\000n\000a\000l\000i\000s\000i\000n\000g\000\040\000t\000h\000e\000\040\000M\000a\000t\000r\000i\000x}{chapter.12}% 96
\BOOKMARK [2][-]{subsection.12.2.1}{\376\377\000D\000e\000r\000i\000v\000i\000n\000g\000\040\000t\000h\000e\000\040\000M\000e\000t\000h\000o\000d\000\040\000\050\000R\000e\000v\000i\000e\000w\000\040\000o\000f\000\040\000O\000D\000E\000s\000\040\000a\000n\000d\000\040\000L\000i\000n\000e\000a\000r\000\040\000A\000l\000g\000e\000b\000r\000a\000\051}{section.12.2}% 97
\BOOKMARK [2][-]{subsection.12.2.2}{\376\377\000A\000p\000p\000l\000i\000c\000a\000t\000i\000o\000n\000\040\000t\000o\000\040\000O\000u\000r\000\040\000D\000y\000n\000a\000m\000i\000c\000a\000l\000\040\000S\000y\000s\000t\000e\000m}{section.12.2}% 98
\BOOKMARK [1][-]{section.12.3}{\376\377\000S\000o\000l\000v\000i\000n\000g\000\040\000t\000h\000e\000\040\000S\000y\000s\000t\000e\000m\000\040\000b\000y\000\040\000S\000e\000p\000a\000r\000a\000t\000i\000n\000g\000\040\000T\000i\000m\000e\000s\000c\000a\000l\000e\000s}{chapter.12}% 99
\BOOKMARK [1][-]{section.12.4}{\376\377\000S\000o\000l\000u\000t\000i\000o\000n\000s}{chapter.12}% 100
\BOOKMARK [1][-]{section.12.5}{\376\377\000A\000n\000a\000l\000o\000g\000o\000u\000s\000\040\000S\000y\000s\000t\000e\000m\000s}{chapter.12}% 101
\BOOKMARK [0][-]{chapter.13}{\376\377\000P\000r\000e\000d\000i\000c\000t\000a\000b\000i\000l\000i\000t\000y}{part.5}% 102
\BOOKMARK [1][-]{section.13.1}{\376\377\000T\000h\000e\000\040\000L\000i\000n\000e\000a\000r\000\040\000E\000r\000r\000o\000r\000\040\000P\000r\000o\000p\000a\000g\000a\000t\000o\000r}{chapter.13}% 103
\BOOKMARK [1][-]{section.13.2}{\376\377\000L\000o\000c\000a\000l\000\040\000P\000e\000r\000t\000u\000r\000b\000a\000t\000i\000o\000n\000\040\000G\000r\000o\000w\000t\000h}{chapter.13}% 104
\BOOKMARK [0][-]{chapter.14}{\376\377\000E\000s\000t\000i\000m\000a\000t\000i\000o\000n}{part.5}% 105
\BOOKMARK [1][-]{section.14.1}{\376\377\000T\000h\000e\000\040\000P\000s\000e\000u\000d\000o\000-\000I\000n\000v\000e\000r\000s\000e\000\040\000K\000-\000h\000a\000t}{chapter.14}% 106
\BOOKMARK [1][-]{section.14.2}{\376\377\000E\000r\000r\000o\000r\000s}{chapter.14}% 107
\BOOKMARK [1][-]{section.14.3}{\376\377\000I\000n\000t\000e\000r\000p\000r\000e\000t\000a\000t\000i\000o\000n}{chapter.14}% 108
\BOOKMARK [1][-]{section.14.4}{\376\377\000E\000x\000a\000m\000p\000l\000e\000s}{chapter.14}% 109
\BOOKMARK [-1][-]{part.6}{\376\377\000V\000I\000\040\000G\000e\000o\000p\000h\000y\000s\000i\000c\000a\000l\000\040\000F\000l\000u\000i\000d\000\040\000D\000y\000n\000a\000m\000i\000c\000s}{}% 110
\BOOKMARK [0][-]{chapter.15}{\376\377\000T\000h\000e\000\040\000E\000q\000u\000a\000t\000i\000o\000n\000s\000\040\000o\000f\000\040\000M\000o\000t\000i\000o\000n}{part.6}% 111
\BOOKMARK [1][-]{section.15.1}{\376\377\000W\000h\000y\000\040\000T\000h\000e\000r\000e\000\040\000I\000s\000\040\000M\000o\000t\000i\000o\000n\000\040\000i\000n\000\040\000t\000h\000e\000\040\000F\000i\000r\000s\000t\000\040\000P\000l\000a\000c\000e}{chapter.15}% 112
\BOOKMARK [1][-]{section.15.2}{\376\377\000W\000h\000a\000t\000\040\000i\000s\000\040\000S\000p\000e\000c\000i\000a\000l\000\040\000A\000b\000o\000u\000t\000\040\000`\000G\000e\000o\000p\000h\000y\000s\000i\000c\000a\000l\000'\000\040\000F\000l\000u\000i\000d\000\040\000M\000e\000c\000h\000a\000n\000i\000c\000s\000?}{chapter.15}% 113
\BOOKMARK [1][-]{section.15.3}{\376\377\000A\000\040\000Q\000u\000i\000c\000k\000\040\000P\000r\000i\000m\000e\000r\000\040\000i\000n\000\040\000F\000l\000u\000i\000d\000\040\000M\000e\000c\000h\000a\000n\000i\000c\000s}{chapter.15}% 114
\BOOKMARK [1][-]{section.15.4}{\376\377\000T\000h\000e\000\040\000P\000r\000i\000m\000i\000t\000i\000v\000e\000\040\000E\000q\000u\000a\000t\000i\000o\000n\000s\000\040\000o\000f\000\040\000M\000o\000t\000i\000o\000n}{chapter.15}% 115
\BOOKMARK [1][-]{section.15.5}{\376\377\000S\000i\000m\000p\000l\000i\000f\000i\000c\000a\000t\000i\000o\000n\000s}{chapter.15}% 116
\BOOKMARK [2][-]{subsection.15.5.1}{\376\377\000R\000o\000t\000a\000t\000i\000n\000g\000\040\000C\000o\000o\000r\000d\000i\000n\000a\000t\000e\000\040\000S\000y\000s\000t\000e\000m\000s}{section.15.5}% 117
\BOOKMARK [2][-]{subsection.15.5.2}{\376\377\000L\000o\000c\000a\000l\000\040\000C\000a\000r\000t\000e\000s\000i\000a\000n\000\040\000C\000o\000o\000r\000d\000i\000n\000a\000t\000e\000s}{section.15.5}% 118
\BOOKMARK [2][-]{subsection.15.5.3}{\376\377\000I\000n\000c\000o\000m\000p\000r\000e\000s\000s\000i\000b\000i\000l\000i\000t\000y}{section.15.5}% 119
\BOOKMARK [2][-]{subsection.15.5.4}{\376\377\000S\000c\000a\000l\000e\000\040\000A\000n\000a\000l\000y\000s\000i\000s}{section.15.5}% 120
\BOOKMARK [2][-]{subsection.15.5.5}{\376\377\000T\000h\000e\000\040\000S\000i\000m\000p\000l\000i\000f\000i\000e\000d\000\040\000E\000q\000u\000a\000t\000i\000o\000n\000s\000\040\000o\000f\000\040\000M\000o\000t\000i\000o\000n}{section.15.5}% 121
\BOOKMARK [0][-]{chapter.16}{\376\377\000T\000h\000e\000\040\000F\000u\000n\000d\000a\000m\000e\000n\000t\000a\000l\000\040\000D\000i\000a\000g\000n\000o\000s\000t\000i\000c\000\040\000R\000e\000l\000a\000t\000i\000o\000n\000s}{part.6}% 122
\BOOKMARK [1][-]{section.16.1}{\376\377\000H\000y\000d\000r\000o\000s\000t\000a\000t\000i\000c\000\040\000B\000a\000l\000a\000n\000c\000e\000\040\000\050\000A\000p\000p\000r\000o\000x\000i\000m\000a\000t\000e\000\040\000V\000e\000r\000t\000i\000c\000a\000l\000\040\000M\000o\000m\000e\000n\000t\000u\000m\000\040\000B\000a\000l\000a\000n\000c\000e\000\051}{chapter.16}% 123
\BOOKMARK [1][-]{section.16.2}{\376\377\000G\000e\000o\000s\000t\000r\000o\000p\000h\000i\000c\000\040\000B\000a\000l\000a\000n\000c\000e\000\040\000\050\000A\000p\000p\000r\000o\000x\000i\000m\000a\000t\000e\000\040\000H\000o\000r\000i\000z\000o\000n\000t\000a\000l\000\040\000M\000o\000m\000e\000n\000t\000u\000m\000\040\000B\000a\000l\000a\000n\000c\000e\000\051}{chapter.16}% 124
\BOOKMARK [2][-]{subsection.16.2.1}{\376\377\000R\000o\000s\000s\000b\000y\000\040\000N\000u\000m\000b\000e\000r\000\040\000a\000n\000d\000\040\000N\000o\000n\000-\000D\000i\000m\000e\000n\000s\000i\000o\000n\000a\000l\000i\000s\000a\000t\000i\000o\000n}{section.16.2}% 125
\BOOKMARK [2][-]{subsection.16.2.2}{\376\377\000G\000e\000o\000s\000t\000r\000o\000p\000h\000i\000c\000\040\000B\000a\000l\000a\000n\000c\000e}{section.16.2}% 126
\BOOKMARK [2][-]{subsection.16.2.3}{\376\377\000C\000y\000c\000l\000o\000n\000e\000s\000\040\000a\000n\000d\000\040\000A\000n\000t\000i\000-\000C\000y\000c\000l\000o\000n\000e\000s}{section.16.2}% 127
\BOOKMARK [2][-]{subsection.16.2.4}{\376\377\000T\000h\000e\000r\000m\000a\000l\000\040\000W\000i\000n\000d\000\040\000B\000a\000l\000a\000n\000c\000e}{section.16.2}% 128
\BOOKMARK [1][-]{section.16.3}{\376\377\000G\000r\000a\000d\000i\000e\000n\000t\000-\000W\000i\000n\000d\000\040\000B\000a\000l\000a\000n\000c\000e}{chapter.16}% 129
\BOOKMARK [1][-]{section.16.4}{\376\377\000P\000r\000e\000s\000s\000u\000r\000e\000\040\000C\000o\000o\000r\000d\000i\000n\000a\000t\000e\000s}{chapter.16}% 130
\BOOKMARK [0][-]{chapter.17}{\376\377\000T\000h\000e\000\040\000S\000h\000a\000l\000l\000o\000w\000\040\000W\000a\000t\000e\000r\000\040\000S\000y\000s\000t\000e\000m\000:\000\040\0002\000D\000\040\000S\000y\000s\000t\000e\000m}{part.6}% 131
\BOOKMARK [1][-]{section.17.1}{\376\377\000T\000h\000e\000\040\000E\000q\000u\000a\000t\000i\000o\000n\000s\000\040\000o\000f\000\040\000M\000o\000t\000i\000o\000n}{chapter.17}% 132
\BOOKMARK [1][-]{section.17.2}{\376\377\000E\000n\000e\000r\000g\000e\000t\000i\000c\000s}{chapter.17}% 133
\BOOKMARK [1][-]{section.17.3}{\376\377\000P\000o\000t\000e\000n\000t\000i\000a\000l\000\040\000V\000o\000r\000t\000i\000c\000i\000t\000y}{chapter.17}% 134
\BOOKMARK [1][-]{section.17.4}{\376\377\000W\000a\000v\000e\000s}{chapter.17}% 135
\BOOKMARK [2][-]{subsection.17.4.1}{\376\377\000A\000\040\000Q\000u\000i\000c\000k\000\040\000P\000r\000i\000m\000e\000r\000\040\000o\000n\000\040\000W\000a\000v\000e\000s}{section.17.4}% 136
\BOOKMARK [2][-]{subsection.17.4.2}{\376\377\000P\000o\000i\000n\000c\000a\000r\000\351\000\040\000W\000a\000v\000e\000s}{section.17.4}% 137
\BOOKMARK [2][-]{subsection.17.4.3}{\376\377\000K\000e\000l\000v\000i\000n\000\040\000W\000a\000v\000e\000s}{section.17.4}% 138
\BOOKMARK [2][-]{subsection.17.4.4}{\376\377\000R\000o\000s\000s\000b\000y\000\040\000W\000a\000v\000e\000s}{section.17.4}% 139
\BOOKMARK [0][-]{chapter.18}{\376\377\0003\000D\000\040\000S\000y\000s\000t\000e\000m\000s}{part.6}% 140
\BOOKMARK [1][-]{section.18.1}{\376\377\000G\000r\000a\000v\000i\000t\000y\000\040\000W\000a\000v\000e\000s}{chapter.18}% 141
\BOOKMARK [2][-]{subsection.18.1.1}{\376\377\000T\000h\000e\000\040\000B\000o\000u\000s\000s\000i\000n\000e\000s\000q\000\040\000A\000p\000p\000r\000o\000x\000i\000m\000a\000t\000i\000o\000n}{section.18.1}% 142
\BOOKMARK [1][-]{section.18.2}{\376\377\000Q\000u\000a\000s\000i\000-\000G\000e\000o\000s\000t\000r\000o\000p\000h\000i\000c\000\040\000T\000h\000e\000o\000r\000y}{chapter.18}% 143
\BOOKMARK [1][-]{section.18.3}{\376\377\000Q\000u\000a\000s\000i\000-\000G\000e\000o\000s\000t\000r\000o\000p\000h\000i\000c\000\040\000R\000o\000s\000s\000b\000y\000\040\000W\000a\000v\000e\000s}{chapter.18}% 144
\BOOKMARK [1][-]{section.18.4}{\376\377\000I\000n\000s\000t\000a\000b\000i\000l\000i\000t\000i\000e\000s\000\040\000a\000n\000d\000\040\000G\000e\000o\000s\000t\000r\000o\000p\000h\000i\000c\000\040\000T\000u\000r\000b\000u\000l\000e\000n\000c\000e}{chapter.18}% 145
\BOOKMARK [0][-]{chapter.19}{\376\377\000O\000c\000e\000a\000n\000\040\000C\000i\000r\000c\000u\000l\000a\000t\000i\000o\000n}{part.6}% 146
\BOOKMARK [1][-]{section.19.1}{\376\377\000E\000k\000m\000a\000n\000\040\000T\000r\000a\000n\000s\000p\000o\000r\000t}{chapter.19}% 147
\BOOKMARK [1][-]{section.19.2}{\376\377\000S\000v\000e\000r\000d\000r\000u\000p\000\040\000B\000a\000l\000a\000n\000c\000e}{chapter.19}% 148
\BOOKMARK [1][-]{section.19.3}{\376\377\000S\000t\000o\000m\000m\000e\000l\000\040\000B\000o\000x\000\040\000M\000o\000d\000e\000l}{chapter.19}% 149
