This is pdfTeX, Version 3.141592653-2.6-1.40.27 (TeX Live 2025) (preloaded format=pdflatex 2025.6.26)  27 JUL 2025 10:54
entering extended mode
 \write18 enabled.
 %&-line parsing enabled.
**\def\tikzexternalrealjob{main}\input{main}
(./main.tex (/usr/local/texlive/2025/texmf-dist/tex/latex/base/report.cls
Document Class: report 2024/06/29 v1.4n Standard LaTeX document class
(/usr/local/texlive/2025/texmf-dist/tex/latex/base/size11.clo
File: size11.clo 2024/06/29 v1.4n Standard LaTeX file (size option)
)
\c@part=\count196
\c@chapter=\count197
\c@section=\count198
\c@subsection=\count199
\c@subsubsection=\count266
\c@paragraph=\count267
\c@subparagraph=\count268
\c@figure=\count269
\c@table=\count270
\abovecaptionskip=\skip49
\belowcaptionskip=\skip50
\bibindent=\dimen141
) (/usr/local/texlive/2025/texmf-dist/tex/latex/cancel/cancel.sty
Package: cancel 2013/04/12 v2.2 Cancel math terms
) (/usr/local/texlive/2025/texmf-dist/tex/latex/wrapfig/wrapfig.sty
\wrapoverhang=\dimen142
\WF@size=\dimen143
\c@WF@wrappedlines=\count271
\WF@box=\box52
\WF@everypar=\toks17
Package: wrapfig 2003/01/31  v 3.6
) (/usr/local/texlive/2025/texmf-dist/tex/latex/tcolorbox/tcolorbox.sty
Package: tcolorbox 2024/10/22 version 6.4.1 text color boxes
(/usr/local/texlive/2025/texmf-dist/tex/latex/pgf/frontendlayer/tikz.sty (/usr/local/texlive/2025/texmf-dist/tex/latex/pgf/basiclayer/pgf.sty (/usr/local/texlive/2025/texmf-dist/tex/latex/pgf/utilities/pgfrcs.sty (/usr/local/texlive/2025/texmf-dist/tex/generic/pgf/utilities/pgfutil-common.tex
\pgfutil@everybye=\toks18
\pgfutil@tempdima=\dimen144
\pgfutil@tempdimb=\dimen145
) (/usr/local/texlive/2025/texmf-dist/tex/generic/pgf/utilities/pgfutil-latex.def
\pgfutil@abb=\box53
) (/usr/local/texlive/2025/texmf-dist/tex/generic/pgf/utilities/pgfrcs.code.tex (/usr/local/texlive/2025/texmf-dist/tex/generic/pgf/pgf.revision.tex)
Package: pgfrcs 2023-01-15 v3.1.10 (3.1.10)
))
Package: pgf 2023-01-15 v3.1.10 (3.1.10)
(/usr/local/texlive/2025/texmf-dist/tex/latex/pgf/basiclayer/pgfcore.sty (/usr/local/texlive/2025/texmf-dist/tex/latex/graphics/graphicx.sty
Package: graphicx 2021/09/16 v1.2d Enhanced LaTeX Graphics (DPC,SPQR)
(/usr/local/texlive/2025/texmf-dist/tex/latex/graphics/keyval.sty
Package: keyval 2022/05/29 v1.15 key=value parser (DPC)
\KV@toks@=\toks19
) (/usr/local/texlive/2025/texmf-dist/tex/latex/graphics/graphics.sty
Package: graphics 2024/08/06 v1.4g Standard LaTeX Graphics (DPC,SPQR)
(/usr/local/texlive/2025/texmf-dist/tex/latex/graphics/trig.sty
Package: trig 2023/12/02 v1.11 sin cos tan (DPC)
) (/usr/local/texlive/2025/texmf-dist/tex/latex/graphics-cfg/graphics.cfg
File: graphics.cfg 2016/06/04 v1.11 sample graphics configuration
)
Package graphics Info: Driver file: pdftex.def on input line 106.
(/usr/local/texlive/2025/texmf-dist/tex/latex/graphics-def/pdftex.def
File: pdftex.def 2024/04/13 v1.2c Graphics/color driver for pdftex
))
\Gin@req@height=\dimen146
\Gin@req@width=\dimen147
) (/usr/local/texlive/2025/texmf-dist/tex/latex/pgf/systemlayer/pgfsys.sty (/usr/local/texlive/2025/texmf-dist/tex/generic/pgf/systemlayer/pgfsys.code.tex
Package: pgfsys 2023-01-15 v3.1.10 (3.1.10)
(/usr/local/texlive/2025/texmf-dist/tex/generic/pgf/utilities/pgfkeys.code.tex
\pgfkeys@pathtoks=\toks20
\pgfkeys@temptoks=\toks21
(/usr/local/texlive/2025/texmf-dist/tex/generic/pgf/utilities/pgfkeyslibraryfiltered.code.tex
\pgfkeys@tmptoks=\toks22
))
\pgf@x=\dimen148
\pgf@y=\dimen149
\pgf@xa=\dimen150
\pgf@ya=\dimen151
\pgf@xb=\dimen152
\pgf@yb=\dimen153
\pgf@xc=\dimen154
\pgf@yc=\dimen155
\pgf@xd=\dimen156
\pgf@yd=\dimen157
\w@pgf@writea=\write3
\r@pgf@reada=\read2
\c@pgf@counta=\count272
\c@pgf@countb=\count273
\c@pgf@countc=\count274
\c@pgf@countd=\count275
\t@pgf@toka=\toks23
\t@pgf@tokb=\toks24
\t@pgf@tokc=\toks25
\pgf@sys@id@count=\count276
(/usr/local/texlive/2025/texmf-dist/tex/generic/pgf/systemlayer/pgf.cfg
File: pgf.cfg 2023-01-15 v3.1.10 (3.1.10)
)
Driver file for pgf: pgfsys-pdftex.def
(/usr/local/texlive/2025/texmf-dist/tex/generic/pgf/systemlayer/pgfsys-pdftex.def
File: pgfsys-pdftex.def 2023-01-15 v3.1.10 (3.1.10)
(/usr/local/texlive/2025/texmf-dist/tex/generic/pgf/systemlayer/pgfsys-common-pdf.def
File: pgfsys-common-pdf.def 2023-01-15 v3.1.10 (3.1.10)
))) (/usr/local/texlive/2025/texmf-dist/tex/generic/pgf/systemlayer/pgfsyssoftpath.code.tex
File: pgfsyssoftpath.code.tex 2023-01-15 v3.1.10 (3.1.10)
\pgfsyssoftpath@smallbuffer@items=\count277
\pgfsyssoftpath@bigbuffer@items=\count278
) (/usr/local/texlive/2025/texmf-dist/tex/generic/pgf/systemlayer/pgfsysprotocol.code.tex
File: pgfsysprotocol.code.tex 2023-01-15 v3.1.10 (3.1.10)
)) (/usr/local/texlive/2025/texmf-dist/tex/latex/xcolor/xcolor.sty
Package: xcolor 2024/09/29 v3.02 LaTeX color extensions (UK)
(/usr/local/texlive/2025/texmf-dist/tex/latex/graphics-cfg/color.cfg
File: color.cfg 2016/01/02 v1.6 sample color configuration
)
Package xcolor Info: Driver file: pdftex.def on input line 274.
(/usr/local/texlive/2025/texmf-dist/tex/latex/graphics/mathcolor.ltx)
Package xcolor Info: Model `cmy' substituted by `cmy0' on input line 1349.
Package xcolor Info: Model `hsb' substituted by `rgb' on input line 1353.
Package xcolor Info: Model `RGB' extended on input line 1365.
Package xcolor Info: Model `HTML' substituted by `rgb' on input line 1367.
Package xcolor Info: Model `Hsb' substituted by `hsb' on input line 1368.
Package xcolor Info: Model `tHsb' substituted by `hsb' on input line 1369.
Package xcolor Info: Model `HSB' substituted by `hsb' on input line 1370.
Package xcolor Info: Model `Gray' substituted by `gray' on input line 1371.
Package xcolor Info: Model `wave' substituted by `hsb' on input line 1372.
) (/usr/local/texlive/2025/texmf-dist/tex/generic/pgf/basiclayer/pgfcore.code.tex
Package: pgfcore 2023-01-15 v3.1.10 (3.1.10)
(/usr/local/texlive/2025/texmf-dist/tex/generic/pgf/math/pgfmath.code.tex (/usr/local/texlive/2025/texmf-dist/tex/generic/pgf/math/pgfmathutil.code.tex) (/usr/local/texlive/2025/texmf-dist/tex/generic/pgf/math/pgfmathparser.code.tex
\pgfmath@dimen=\dimen158
\pgfmath@count=\count279
\pgfmath@box=\box54
\pgfmath@toks=\toks26
\pgfmath@stack@operand=\toks27
\pgfmath@stack@operation=\toks28
) (/usr/local/texlive/2025/texmf-dist/tex/generic/pgf/math/pgfmathfunctions.code.tex) (/usr/local/texlive/2025/texmf-dist/tex/generic/pgf/math/pgfmathfunctions.basic.code.tex) (/usr/local/texlive/2025/texmf-dist/tex/generic/pgf/math/pgfmathfunctions.trigonometric.code.tex) (/usr/local/texlive/2025/texmf-dist/tex/generic/pgf/math/pgfmathfunctions.random.code.tex) (/usr/local/texlive/2025/texmf-dist/tex/generic/pgf/math/pgfmathfunctions.comparison.code.tex) (/usr/local/texlive/2025/texmf-dist/tex/generic/pgf/math/pgfmathfunctions.base.code.tex) (/usr/local/texlive/2025/texmf-dist/tex/generic/pgf/math/pgfmathfunctions.round.code.tex) (/usr/local/texlive/2025/texmf-dist/tex/generic/pgf/math/pgfmathfunctions.misc.code.tex) (/usr/local/texlive/2025/texmf-dist/tex/generic/pgf/math/pgfmathfunctions.integerarithmetics.code.tex) (/usr/local/texlive/2025/texmf-dist/tex/generic/pgf/math/pgfmathcalc.code.tex) (/usr/local/texlive/2025/texmf-dist/tex/generic/pgf/math/pgfmathfloat.code.tex
\c@pgfmathroundto@lastzeros=\count280
)) (/usr/local/texlive/2025/texmf-dist/tex/generic/pgf/math/pgfint.code.tex) (/usr/local/texlive/2025/texmf-dist/tex/generic/pgf/basiclayer/pgfcorepoints.code.tex
File: pgfcorepoints.code.tex 2023-01-15 v3.1.10 (3.1.10)
\pgf@picminx=\dimen159
\pgf@picmaxx=\dimen160
\pgf@picminy=\dimen161
\pgf@picmaxy=\dimen162
\pgf@pathminx=\dimen163
\pgf@pathmaxx=\dimen164
\pgf@pathminy=\dimen165
\pgf@pathmaxy=\dimen166
\pgf@xx=\dimen167
\pgf@xy=\dimen168
\pgf@yx=\dimen169
\pgf@yy=\dimen170
\pgf@zx=\dimen171
\pgf@zy=\dimen172
) (/usr/local/texlive/2025/texmf-dist/tex/generic/pgf/basiclayer/pgfcorepathconstruct.code.tex
File: pgfcorepathconstruct.code.tex 2023-01-15 v3.1.10 (3.1.10)
\pgf@path@lastx=\dimen173
\pgf@path@lasty=\dimen174
) (/usr/local/texlive/2025/texmf-dist/tex/generic/pgf/basiclayer/pgfcorepathusage.code.tex
File: pgfcorepathusage.code.tex 2023-01-15 v3.1.10 (3.1.10)
\pgf@shorten@end@additional=\dimen175
\pgf@shorten@start@additional=\dimen176
) (/usr/local/texlive/2025/texmf-dist/tex/generic/pgf/basiclayer/pgfcorescopes.code.tex
File: pgfcorescopes.code.tex 2023-01-15 v3.1.10 (3.1.10)
\pgfpic=\box55
\pgf@hbox=\box56
\pgf@layerbox@main=\box57
\pgf@picture@serial@count=\count281
) (/usr/local/texlive/2025/texmf-dist/tex/generic/pgf/basiclayer/pgfcoregraphicstate.code.tex
File: pgfcoregraphicstate.code.tex 2023-01-15 v3.1.10 (3.1.10)
\pgflinewidth=\dimen177
) (/usr/local/texlive/2025/texmf-dist/tex/generic/pgf/basiclayer/pgfcoretransformations.code.tex
File: pgfcoretransformations.code.tex 2023-01-15 v3.1.10 (3.1.10)
\pgf@pt@x=\dimen178
\pgf@pt@y=\dimen179
\pgf@pt@temp=\dimen180
) (/usr/local/texlive/2025/texmf-dist/tex/generic/pgf/basiclayer/pgfcorequick.code.tex
File: pgfcorequick.code.tex 2023-01-15 v3.1.10 (3.1.10)
) (/usr/local/texlive/2025/texmf-dist/tex/generic/pgf/basiclayer/pgfcoreobjects.code.tex
File: pgfcoreobjects.code.tex 2023-01-15 v3.1.10 (3.1.10)
) (/usr/local/texlive/2025/texmf-dist/tex/generic/pgf/basiclayer/pgfcorepathprocessing.code.tex
File: pgfcorepathprocessing.code.tex 2023-01-15 v3.1.10 (3.1.10)
) (/usr/local/texlive/2025/texmf-dist/tex/generic/pgf/basiclayer/pgfcorearrows.code.tex
File: pgfcorearrows.code.tex 2023-01-15 v3.1.10 (3.1.10)
\pgfarrowsep=\dimen181
) (/usr/local/texlive/2025/texmf-dist/tex/generic/pgf/basiclayer/pgfcoreshade.code.tex
File: pgfcoreshade.code.tex 2023-01-15 v3.1.10 (3.1.10)
\pgf@max=\dimen182
\pgf@sys@shading@range@num=\count282
\pgf@shadingcount=\count283
) (/usr/local/texlive/2025/texmf-dist/tex/generic/pgf/basiclayer/pgfcoreimage.code.tex
File: pgfcoreimage.code.tex 2023-01-15 v3.1.10 (3.1.10)
) (/usr/local/texlive/2025/texmf-dist/tex/generic/pgf/basiclayer/pgfcoreexternal.code.tex
File: pgfcoreexternal.code.tex 2023-01-15 v3.1.10 (3.1.10)
\pgfexternal@startupbox=\box58
) (/usr/local/texlive/2025/texmf-dist/tex/generic/pgf/basiclayer/pgfcorelayers.code.tex
File: pgfcorelayers.code.tex 2023-01-15 v3.1.10 (3.1.10)
) (/usr/local/texlive/2025/texmf-dist/tex/generic/pgf/basiclayer/pgfcoretransparency.code.tex
File: pgfcoretransparency.code.tex 2023-01-15 v3.1.10 (3.1.10)
) (/usr/local/texlive/2025/texmf-dist/tex/generic/pgf/basiclayer/pgfcorepatterns.code.tex
File: pgfcorepatterns.code.tex 2023-01-15 v3.1.10 (3.1.10)
) (/usr/local/texlive/2025/texmf-dist/tex/generic/pgf/basiclayer/pgfcorerdf.code.tex
File: pgfcorerdf.code.tex 2023-01-15 v3.1.10 (3.1.10)
))) (/usr/local/texlive/2025/texmf-dist/tex/generic/pgf/modules/pgfmoduleshapes.code.tex
File: pgfmoduleshapes.code.tex 2023-01-15 v3.1.10 (3.1.10)
\pgfnodeparttextbox=\box59
) (/usr/local/texlive/2025/texmf-dist/tex/generic/pgf/modules/pgfmoduleplot.code.tex
File: pgfmoduleplot.code.tex 2023-01-15 v3.1.10 (3.1.10)
) (/usr/local/texlive/2025/texmf-dist/tex/latex/pgf/compatibility/pgfcomp-version-0-65.sty
Package: pgfcomp-version-0-65 2023-01-15 v3.1.10 (3.1.10)
\pgf@nodesepstart=\dimen183
\pgf@nodesepend=\dimen184
) (/usr/local/texlive/2025/texmf-dist/tex/latex/pgf/compatibility/pgfcomp-version-1-18.sty
Package: pgfcomp-version-1-18 2023-01-15 v3.1.10 (3.1.10)
)) (/usr/local/texlive/2025/texmf-dist/tex/latex/pgf/utilities/pgffor.sty (/usr/local/texlive/2025/texmf-dist/tex/latex/pgf/utilities/pgfkeys.sty (/usr/local/texlive/2025/texmf-dist/tex/generic/pgf/utilities/pgfkeys.code.tex)) (/usr/local/texlive/2025/texmf-dist/tex/latex/pgf/math/pgfmath.sty (/usr/local/texlive/2025/texmf-dist/tex/generic/pgf/math/pgfmath.code.tex)) (/usr/local/texlive/2025/texmf-dist/tex/generic/pgf/utilities/pgffor.code.tex
Package: pgffor 2023-01-15 v3.1.10 (3.1.10)
\pgffor@iter=\dimen185
\pgffor@skip=\dimen186
\pgffor@stack=\toks29
\pgffor@toks=\toks30
)) (/usr/local/texlive/2025/texmf-dist/tex/generic/pgf/frontendlayer/tikz/tikz.code.tex
Package: tikz 2023-01-15 v3.1.10 (3.1.10)
(/usr/local/texlive/2025/texmf-dist/tex/generic/pgf/libraries/pgflibraryplothandlers.code.tex
File: pgflibraryplothandlers.code.tex 2023-01-15 v3.1.10 (3.1.10)
\pgf@plot@mark@count=\count284
\pgfplotmarksize=\dimen187
)
\tikz@lastx=\dimen188
\tikz@lasty=\dimen189
\tikz@lastxsaved=\dimen190
\tikz@lastysaved=\dimen191
\tikz@lastmovetox=\dimen192
\tikz@lastmovetoy=\dimen193
\tikzleveldistance=\dimen194
\tikzsiblingdistance=\dimen195
\tikz@figbox=\box60
\tikz@figbox@bg=\box61
\tikz@tempbox=\box62
\tikz@tempbox@bg=\box63
\tikztreelevel=\count285
\tikznumberofchildren=\count286
\tikznumberofcurrentchild=\count287
\tikz@fig@count=\count288
(/usr/local/texlive/2025/texmf-dist/tex/generic/pgf/modules/pgfmodulematrix.code.tex
File: pgfmodulematrix.code.tex 2023-01-15 v3.1.10 (3.1.10)
\pgfmatrixcurrentrow=\count289
\pgfmatrixcurrentcolumn=\count290
\pgf@matrix@numberofcolumns=\count291
)
\tikz@expandcount=\count292
(/usr/local/texlive/2025/texmf-dist/tex/generic/pgf/frontendlayer/tikz/libraries/tikzlibrarytopaths.code.tex
File: tikzlibrarytopaths.code.tex 2023-01-15 v3.1.10 (3.1.10)
))) (/usr/local/texlive/2025/texmf-dist/tex/latex/tools/verbatim.sty
Package: verbatim 2024-01-22 v1.5x LaTeX2e package for verbatim enhancements
\every@verbatim=\toks31
\verbatim@line=\toks32
\verbatim@in@stream=\read3
) (/usr/local/texlive/2025/texmf-dist/tex/latex/environ/environ.sty
Package: environ 2014/05/04 v0.3 A new way to define environments
(/usr/local/texlive/2025/texmf-dist/tex/latex/trimspaces/trimspaces.sty
Package: trimspaces 2009/09/17 v1.1 Trim spaces around a token list
)
\@envbody=\toks33
) (/usr/local/texlive/2025/texmf-dist/tex/latex/etoolbox/etoolbox.sty
Package: etoolbox 2025/02/11 v2.5l e-TeX tools for LaTeX (JAW)
\etb@tempcnta=\count293
)
\tcb@titlebox=\box64
\tcb@upperbox=\box65
\tcb@lowerbox=\box66
\tcb@phantombox=\box67
\c@tcbbreakpart=\count294
\c@tcblayer=\count295
\c@tcolorbox@number=\count296
\l__tcobox_tmpa_box=\box68
\l__tcobox_tmpa_dim=\dimen196
\tcb@temp=\box69
\tcb@temp=\box70
\tcb@temp=\box71
\tcb@temp=\box72
(/usr/local/texlive/2025/texmf-dist/tex/latex/tcolorbox/tcbraster.code.tex
Library (tcolorbox): 'tcbraster.code.tex' version '6.4.1'
\c@tcbrastercolumn=\count297
\c@tcbrasterrow=\count298
\c@tcbrasternum=\count299
\c@tcbraster=\count300
) (/usr/local/texlive/2025/texmf-dist/tex/latex/tcolorbox/tcbskins.code.tex
Library (tcolorbox): 'tcbskins.code.tex' version '6.4.1'
(/usr/local/texlive/2025/texmf-dist/tex/latex/tikzfill/tikzfill.image.sty
Package: tikzfill.image 2023/08/08 v1.0.1 Image filling library for TikZ
(/usr/local/texlive/2025/texmf-dist/tex/latex/tikzfill/tikzfill-common.sty
Package: tikzfill-common 2023/08/08 v1.0.1 Auxiliary code for tikzfill
) (/usr/local/texlive/2025/texmf-dist/tex/latex/tikzfill/tikzlibraryfill.image.code.tex
File: tikzlibraryfill.image.code.tex 2023/08/08 v1.0.1 Image filling library
\l__tikzfill_img_box=\box73
)) (/usr/local/texlive/2025/texmf-dist/tex/latex/tcolorbox/tcbskinsjigsaw.code.tex
Library (tcolorbox): 'tcbskinsjigsaw.code.tex' version '6.4.1'
)) (/usr/local/texlive/2025/texmf-dist/tex/latex/tcolorbox/tcbbreakable.code.tex
Library (tcolorbox): 'tcbbreakable.code.tex' version '6.4.1'
(/usr/local/texlive/2025/texmf-dist/tex/latex/pdfcol/pdfcol.sty
Package: pdfcol 2022-09-21 v1.7 Handle new color stacks for pdfTeX (HO)
(/usr/local/texlive/2025/texmf-dist/tex/generic/ltxcmds/ltxcmds.sty
Package: ltxcmds 2023-12-04 v1.26 LaTeX kernel commands for general use (HO)
) (/usr/local/texlive/2025/texmf-dist/tex/generic/infwarerr/infwarerr.sty
Package: infwarerr 2019/12/03 v1.5 Providing info/warning/error messages (HO)
) (/usr/local/texlive/2025/texmf-dist/tex/generic/iftex/iftex.sty
Package: iftex 2024/12/12 v1.0g TeX engine tests
))
Package pdfcol Info: New color stack `tcb@breakable' = 1 on input line 23.
\tcb@testbox=\box74
\tcb@totalupperbox=\box75
\tcb@totallowerbox=\box76
) (/usr/local/texlive/2025/texmf-dist/tex/latex/tcolorbox/tcbhooks.code.tex
Library (tcolorbox): 'tcbhooks.code.tex' version '6.4.1'
) (/usr/local/texlive/2025/texmf-dist/tex/latex/tcolorbox/tcbtheorems.code.tex
Library (tcolorbox): 'tcbtheorems.code.tex' version '6.4.1'
(/usr/local/texlive/2025/texmf-dist/tex/latex/amsmath/amsmath.sty
Package: amsmath 2024/11/05 v2.17t AMS math features
\@mathmargin=\skip51
For additional information on amsmath, use the `?' option.
(/usr/local/texlive/2025/texmf-dist/tex/latex/amsmath/amstext.sty
Package: amstext 2021/08/26 v2.01 AMS text
(/usr/local/texlive/2025/texmf-dist/tex/latex/amsmath/amsgen.sty
File: amsgen.sty 1999/11/30 v2.0 generic functions
\@emptytoks=\toks34
\ex@=\dimen197
)) (/usr/local/texlive/2025/texmf-dist/tex/latex/amsmath/amsbsy.sty
Package: amsbsy 1999/11/29 v1.2d Bold Symbols
\pmbraise@=\dimen198
) (/usr/local/texlive/2025/texmf-dist/tex/latex/amsmath/amsopn.sty
Package: amsopn 2022/04/08 v2.04 operator names
)
\inf@bad=\count301
LaTeX Info: Redefining \frac on input line 233.
\uproot@=\count302
\leftroot@=\count303
LaTeX Info: Redefining \overline on input line 398.
LaTeX Info: Redefining \colon on input line 409.
\classnum@=\count304
\DOTSCASE@=\count305
LaTeX Info: Redefining \ldots on input line 495.
LaTeX Info: Redefining \dots on input line 498.
LaTeX Info: Redefining \cdots on input line 619.
\Mathstrutbox@=\box77
\strutbox@=\box78
LaTeX Info: Redefining \big on input line 721.
LaTeX Info: Redefining \Big on input line 722.
LaTeX Info: Redefining \bigg on input line 723.
LaTeX Info: Redefining \Bigg on input line 724.
\big@size=\dimen199
LaTeX Font Info:    Redeclaring font encoding OML on input line 742.
LaTeX Font Info:    Redeclaring font encoding OMS on input line 743.
\macc@depth=\count306
LaTeX Info: Redefining \bmod on input line 904.
LaTeX Info: Redefining \pmod on input line 909.
LaTeX Info: Redefining \smash on input line 939.
LaTeX Info: Redefining \relbar on input line 969.
LaTeX Info: Redefining \Relbar on input line 970.
\c@MaxMatrixCols=\count307
\dotsspace@=\muskip17
\c@parentequation=\count308
\dspbrk@lvl=\count309
\tag@help=\toks35
\row@=\count310
\column@=\count311
\maxfields@=\count312
\andhelp@=\toks36
\eqnshift@=\dimen256
\alignsep@=\dimen257
\tagshift@=\dimen258
\tagwidth@=\dimen259
\totwidth@=\dimen260
\lineht@=\dimen261
\@envbody=\toks37
\multlinegap=\skip52
\multlinetaggap=\skip53
\mathdisplay@stack=\toks38
LaTeX Info: Redefining \[ on input line 2953.
LaTeX Info: Redefining \] on input line 2954.
)) (/usr/local/texlive/2025/texmf-dist/tex/latex/tcolorbox/tcbfitting.code.tex
Library (tcolorbox): 'tcbfitting.code.tex' version '6.4.1'
\tcbfitdim=\dimen262
\tcb@lowerfitdim=\dimen263
\tcb@upperfitdim=\dimen264
\tcb@cur@hbadness=\count313
) (/usr/local/texlive/2025/texmf-dist/tex/latex/tcolorbox/tcblistingsutf8.code.tex
Library (tcolorbox): 'tcblistingsutf8.code.tex' version '6.4.1'
(/usr/local/texlive/2025/texmf-dist/tex/latex/tcolorbox/tcblistings.code.tex
Library (tcolorbox): 'tcblistings.code.tex' version '6.4.1'
(/usr/local/texlive/2025/texmf-dist/tex/latex/listings/listings.sty
\lst@mode=\count314
\lst@gtempboxa=\box79
\lst@token=\toks39
\lst@length=\count315
\lst@currlwidth=\dimen265
\lst@column=\count316
\lst@pos=\count317
\lst@lostspace=\dimen266
\lst@width=\dimen267
\lst@newlines=\count318
\lst@lineno=\count319
\lst@maxwidth=\dimen268
(/usr/local/texlive/2025/texmf-dist/tex/latex/listings/lstpatch.sty
File: lstpatch.sty 2024/09/23 1.10c (Carsten Heinz)
) (/usr/local/texlive/2025/texmf-dist/tex/latex/listings/lstmisc.sty
File: lstmisc.sty 2024/09/23 1.10c (Carsten Heinz)
\c@lstnumber=\count320
\lst@skipnumbers=\count321
\lst@framebox=\box80
) (/usr/local/texlive/2025/texmf-dist/tex/latex/listings/listings.cfg
File: listings.cfg 2024/09/23 1.10c listings configuration
))
Package: listings 2024/09/23 1.10c (Carsten Heinz)
(/usr/local/texlive/2025/texmf-dist/tex/latex/tcolorbox/tcblistingscore.code.tex
Library (tcolorbox): 'tcblistingscore.code.tex' version '6.4.1'
(/usr/local/texlive/2025/texmf-dist/tex/latex/tcolorbox/tcbprocessing.code.tex
Library (tcolorbox): 'tcbprocessing.code.tex' version '6.4.1'
)
\c@tcblisting=\count322
)) (/usr/local/texlive/2025/texmf-dist/tex/latex/listingsutf8/listingsutf8.sty
Package: listingsutf8 2019-12-10 v1.5 Allow UTF-8 in listings input (HO)
(/usr/local/texlive/2025/texmf-dist/tex/generic/pdftexcmds/pdftexcmds.sty
Package: pdftexcmds 2020-06-27 v0.33 Utility functions of pdfTeX for LuaTeX (HO)
Package pdftexcmds Info: \pdf@primitive is available.
Package pdftexcmds Info: \pdf@ifprimitive is available.
Package pdftexcmds Info: \pdfdraftmode found.
) (/usr/local/texlive/2025/texmf-dist/tex/generic/stringenc/stringenc.sty
Package: stringenc 2019/11/29 v1.12 Convert strings between diff. encodings (HO)
(/usr/local/texlive/2025/texmf-dist/tex/generic/pdfescape/pdfescape.sty
Package: pdfescape 2019/12/09 v1.15 Implements pdfTeX's escape features (HO)
)))) (/usr/local/texlive/2025/texmf-dist/tex/latex/tcolorbox/tcbexternal.code.tex
Library (tcolorbox): 'tcbexternal.code.tex' version '6.4.1'
) (/usr/local/texlive/2025/texmf-dist/tex/latex/tcolorbox/tcbmagazine.code.tex
Library (tcolorbox): 'tcbmagazine.code.tex' version '6.4.1'
) (/usr/local/texlive/2025/texmf-dist/tex/latex/tcolorbox/tcbvignette.code.tex
Library (tcolorbox): 'tcbvignette.code.tex' version '6.4.1'
(/usr/local/texlive/2025/texmf-dist/tex/generic/pgf/frontendlayer/tikz/libraries/tikzlibraryfadings.code.tex
File: tikzlibraryfadings.code.tex 2023-01-15 v3.1.10 (3.1.10)
(/usr/local/texlive/2025/texmf-dist/tex/generic/pgf/libraries/pgflibraryfadings.code.tex
File: pgflibraryfadings.code.tex 2023-01-15 v3.1.10 (3.1.10)
))) (/usr/local/texlive/2025/texmf-dist/tex/latex/tcolorbox/tcbposter.code.tex
Library (tcolorbox): 'tcbposter.code.tex' version '6.4.1'
))
\c@tcb@cnt@fact=\count323
\c@tcb@cnt@idea=\count324
(/usr/local/texlive/2025/texmf-dist/tex/latex/tools/xr.sty
Package: xr 2024-04-10 v6.00 eXternal References (DPC)
) (/usr/local/texlive/2025/texmf-dist/tex/latex/comment/comment.sty
\CommentStream=\write4
Excluding comment 'comment') (/usr/local/texlive/2025/texmf-dist/tex/generic/pgf/frontendlayer/tikz/libraries/tikzlibraryshapes.geometric.code.tex
File: tikzlibraryshapes.geometric.code.tex 2023-01-15 v3.1.10 (3.1.10)
(/usr/local/texlive/2025/texmf-dist/tex/generic/pgf/libraries/shapes/pgflibraryshapes.geometric.code.tex
File: pgflibraryshapes.geometric.code.tex 2023-01-15 v3.1.10 (3.1.10)
)) (/usr/local/texlive/2025/texmf-dist/tex/generic/pgf/frontendlayer/tikz/libraries/tikzlibraryperspective.code.tex
File: tikzlibraryperspective.code.tex 2023-01-15 v3.1.10 (3.1.10)
) (/usr/local/texlive/2025/texmf-dist/tex/latex/pgf/frontendlayer/libraries/tikzlibraryexternal.code.tex (/usr/local/texlive/2025/texmf-dist/tex/latex/base/atveryend-ltx.sty
Package: atveryend-ltx 2020/08/19 v1.0a Emulation of the original atveryend package
with kernel methods
) (/usr/local/texlive/2025/texmf-dist/tex/generic/pgf/frontendlayer/tikz/libraries/tikzexternalshared.code.tex)) (/usr/local/texlive/2025/texmf-dist/tex/generic/pgf/frontendlayer/tikz/libraries/tikzlibraryangles.code.tex
File: tikzlibraryangles.code.tex 2023-01-15 v3.1.10 (3.1.10)
) (/usr/local/texlive/2025/texmf-dist/tex/generic/pgf/frontendlayer/tikz/libraries/tikzlibraryquotes.code.tex
File: tikzlibraryquotes.code.tex 2023-01-15 v3.1.10 (3.1.10)
) (/usr/local/texlive/2025/texmf-dist/tex/generic/pgf/frontendlayer/tikz/libraries/tikzlibrarypatterns.code.tex
File: tikzlibrarypatterns.code.tex 2023-01-15 v3.1.10 (3.1.10)
(/usr/local/texlive/2025/texmf-dist/tex/generic/pgf/libraries/pgflibrarypatterns.code.tex
File: pgflibrarypatterns.code.tex 2023-01-15 v3.1.10 (3.1.10)
))
No auxiliary output files.

\w@pgfexternal@auxout=\write5
(/usr/local/texlive/2025/texmf-dist/tex/latex/tools/multicol.sty
Package: multicol 2024/09/14 v1.9i multicolumn formatting (FMi)
\c@tracingmulticols=\count325
\mult@box=\box81
\multicol@leftmargin=\dimen269
\c@unbalance=\count326
\c@collectmore=\count327
\doublecol@number=\count328
\multicoltolerance=\count329
\multicolpretolerance=\count330
\full@width=\dimen270
\page@free=\dimen271
\premulticols=\dimen272
\postmulticols=\dimen273
\multicolsep=\skip54
\multicolbaselineskip=\skip55
\partial@page=\box82
\last@line=\box83
\mc@boxedresult=\box84
\maxbalancingoverflow=\dimen274
\mult@rightbox=\box85
\mult@grightbox=\box86
\mult@firstbox=\box87
\mult@gfirstbox=\box88
\@tempa=\box89
\@tempa=\box90
\@tempa=\box91
\@tempa=\box92
\@tempa=\box93
\@tempa=\box94
\@tempa=\box95
\@tempa=\box96
\@tempa=\box97
\@tempa=\box98
\@tempa=\box99
\@tempa=\box100
\@tempa=\box101
\@tempa=\box102
\@tempa=\box103
\@tempa=\box104
\@tempa=\box105
\@tempa=\box106
\@tempa=\box107
\@tempa=\box108
\@tempa=\box109
\@tempa=\box110
\@tempa=\box111
\@tempa=\box112
\@tempa=\box113
\@tempa=\box114
\@tempa=\box115
\@tempa=\box116
\@tempa=\box117
\@tempa=\box118
\@tempa=\box119
\@tempa=\box120
\@tempa=\box121
\@tempa=\box122
\@tempa=\box123
\@tempa=\box124
\c@minrows=\count331
\c@columnbadness=\count332
\c@finalcolumnbadness=\count333
\last@try=\dimen275
\multicolovershoot=\dimen276
\multicolundershoot=\dimen277
\mult@nat@firstbox=\box125
\colbreak@box=\box126
\mc@col@check@num=\count334
) (/usr/local/texlive/2025/texmf-dist/tex/latex/braket/braket.sty) (/usr/local/texlive/2025/texmf-dist/tex/latex/svg/svg.sty
Package: svg 2020/11/26 v2.02k (include SVG pictures)
(/usr/local/texlive/2025/texmf-dist/tex/latex/koma-script/scrbase.sty
Package: scrbase 2024/10/24 v3.43 KOMA-Script package (KOMA-Script-independent basics and keyval usage)
(/usr/local/texlive/2025/texmf-dist/tex/latex/koma-script/scrlfile.sty
Package: scrlfile 2024/10/24 v3.43 KOMA-Script package (file load hooks)
(/usr/local/texlive/2025/texmf-dist/tex/latex/koma-script/scrlfile-hook.sty
Package: scrlfile-hook 2024/10/24 v3.43 KOMA-Script package (using LaTeX hooks)
(/usr/local/texlive/2025/texmf-dist/tex/latex/koma-script/scrlogo.sty
Package: scrlogo 2024/10/24 v3.43 KOMA-Script package (logo)
)))
Applying: [2021/05/01] Usage of raw or classic option list on input line 254.
Already applied: [0000/00/00] Usage of raw or classic option list on input line 370.
) (/usr/local/texlive/2025/texmf-dist/tex/latex/tools/shellesc.sty
Package: shellesc 2023/07/08 v1.0d unified shell escape interface for LaTeX
Package shellesc Info: Unrestricted shell escape enabled on input line 75.
) (/usr/local/texlive/2025/texmf-dist/tex/latex/ifplatform/ifplatform.sty
Package: ifplatform 2017/10/13 v0.4a Testing for the operating system
(/usr/local/texlive/2025/texmf-dist/tex/generic/catchfile/catchfile.sty
Package: catchfile 2019/12/09 v1.8 Catch the contents of a file (HO)
(/usr/local/texlive/2025/texmf-dist/tex/generic/etexcmds/etexcmds.sty
Package: etexcmds 2019/12/15 v1.7 Avoid name clashes with e-TeX commands (HO)
)) (/usr/local/texlive/2025/texmf-dist/tex/generic/iftex/ifluatex.sty
Package: ifluatex 2019/10/25 v1.5 ifluatex legacy package. Use iftex instead.
)
runsystem(uname -s > "tikz/main-figure13.w18")...executed.

(./tikz/main-figure13.w18)
runsystem(rm -- "tikz/main-figure13.w18")...executed.

)
\c@svg@param@lastpage=\count335
\svg@box=\box127
\c@svg@param@currpage=\count336
) (/usr/local/texlive/2025/texmf-dist/tex/latex/transparent/transparent.sty
Package: transparent 2022-10-27 v1.5 Transparency with color stacks
(/usr/local/texlive/2025/texmf-dist/tex/latex/transparent/transparent-nometadata.sty
Package: transparent-nometadata 2022-10-27 v1.5 Transparency via pdfTeX's color stack (HO)
(/usr/local/texlive/2025/texmf-dist/tex/latex/auxhook/auxhook.sty
Package: auxhook 2019-12-17 v1.6 Hooks for auxiliary files (HO)
))) (/usr/local/texlive/2025/texmf-dist/tex/latex/siunitx/siunitx.sty
Package: siunitx 2025-02-27 v3.4.6 A comprehensive (SI) units package
\l__siunitx_number_uncert_offset_int=\count337
\l__siunitx_number_exponent_fixed_int=\count338
\l__siunitx_number_min_decimal_int=\count339
\l__siunitx_number_min_integer_int=\count340
\l__siunitx_number_round_precision_int=\count341
\l__siunitx_number_lower_threshold_int=\count342
\l__siunitx_number_upper_threshold_int=\count343
\l__siunitx_number_group_first_int=\count344
\l__siunitx_number_group_size_int=\count345
\l__siunitx_number_group_minimum_int=\count346
\l__siunitx_angle_tmp_dim=\dimen278
\l__siunitx_angle_marker_box=\box128
\l__siunitx_angle_unit_box=\box129
\l__siunitx_compound_count_int=\count347
(/usr/local/texlive/2025/texmf-dist/tex/latex/translations/translations.sty
Package: translations 2022/02/05 v1.12 internationalization of LaTeX2e packages (CN)
)
\l__siunitx_table_tmp_box=\box130
\l__siunitx_table_tmp_dim=\dimen279
\l__siunitx_table_column_width_dim=\dimen280
\l__siunitx_table_integer_box=\box131
\l__siunitx_table_decimal_box=\box132
\l__siunitx_table_uncert_box=\box133
\l__siunitx_table_before_box=\box134
\l__siunitx_table_after_box=\box135
\l__siunitx_table_before_dim=\dimen281
\l__siunitx_table_carry_dim=\dimen282
\l__siunitx_unit_tmp_int=\count348
\l__siunitx_unit_position_int=\count349
\l__siunitx_unit_total_int=\count350
(/usr/local/texlive/2025/texmf-dist/tex/latex/tools/array.sty
Package: array 2024/10/17 v2.6g Tabular extension package (FMi)
\col@sep=\dimen283
\ar@mcellbox=\box136
\extrarowheight=\dimen284
\NC@list=\toks40
\extratabsurround=\skip56
\backup@length=\skip57
\ar@cellbox=\box137
)) (/usr/local/texlive/2025/texmf-dist/tex/latex/enumitem/enumitem.sty
Package: enumitem 2025/02/06 v3.11 Customized lists
\labelindent=\skip58
\enit@outerparindent=\dimen285
\enit@toks=\toks41
\enit@inbox=\box138
\enit@count@id=\count351
\enitdp@description=\count352
) (/usr/local/texlive/2025/texmf-dist/tex/latex/amsfonts/amssymb.sty
Package: amssymb 2013/01/14 v3.01 AMS font symbols
(/usr/local/texlive/2025/texmf-dist/tex/latex/amsfonts/amsfonts.sty
Package: amsfonts 2013/01/14 v3.01 Basic AMSFonts support
\symAMSa=\mathgroup4
\symAMSb=\mathgroup5
LaTeX Font Info:    Redeclaring math symbol \hbar on input line 98.
LaTeX Font Info:    Overwriting math alphabet `\mathfrak' in version `bold'
(Font)                  U/euf/m/n --> U/euf/b/n on input line 106.
)) (/usr/local/texlive/2025/texmf-dist/tex/latex/caption/subcaption.sty
Package: subcaption 2023/07/28 v1.6b Sub-captions (AR)
(/usr/local/texlive/2025/texmf-dist/tex/latex/caption/caption.sty
Package: caption 2023/08/05 v3.6o Customizing captions (AR)
(/usr/local/texlive/2025/texmf-dist/tex/latex/caption/caption3.sty
Package: caption3 2023/07/31 v2.4d caption3 kernel (AR)
\caption@tempdima=\dimen286
\captionmargin=\dimen287
\caption@leftmargin=\dimen288
\caption@rightmargin=\dimen289
\caption@width=\dimen290
\caption@indent=\dimen291
\caption@parindent=\dimen292
\caption@hangindent=\dimen293
Package caption Info: Standard document class detected.
)
\c@caption@flags=\count353
\c@continuedfloat=\count354
Package caption Info: listings package is loaded.
Package caption Info: wrapfig package is loaded.
)
Package caption Info: New subtype `subfigure' on input line 238.
\c@subfigure=\count355
Package caption Info: New subtype `subtable' on input line 238.
\c@subtable=\count356
) (/usr/local/texlive/2025/texmf-dist/tex/latex/setspace/setspace.sty
Package: setspace 2022/12/04 v6.7b set line spacing
) (/usr/local/texlive/2025/texmf-dist/tex/latex/float/float.sty
Package: float 2001/11/08 v1.3d Float enhancements (AL)
\c@float@type=\count357
\float@exts=\toks42
\float@box=\box139
\@float@everytoks=\toks43
\@floatcapt=\box140
) (/usr/local/texlive/2025/texmf-dist/tex/latex/jknapltx/mathrsfs.sty
Package: mathrsfs 1996/01/01 Math RSFS package v1.0 (jk)
\symrsfs=\mathgroup6
) (/usr/local/texlive/2025/texmf-dist/tex/latex/geometry/geometry.sty
Package: geometry 2020/01/02 v5.9 Page Geometry
(/usr/local/texlive/2025/texmf-dist/tex/generic/iftex/ifvtex.sty
Package: ifvtex 2019/10/25 v1.7 ifvtex legacy package. Use iftex instead.
)
\Gm@cnth=\count358
\Gm@cntv=\count359
\c@Gm@tempcnt=\count360
\Gm@bindingoffset=\dimen294
\Gm@wd@mp=\dimen295
\Gm@odd@mp=\dimen296
\Gm@even@mp=\dimen297
\Gm@layoutwidth=\dimen298
\Gm@layoutheight=\dimen299
\Gm@layouthoffset=\dimen300
\Gm@layoutvoffset=\dimen301
\Gm@dimlist=\toks44
) (/usr/local/texlive/2025/texmf-dist/tex/latex/hyperref/hyperref.sty
Package: hyperref 2024-11-05 v7.01l Hypertext links for LaTeX
(/usr/local/texlive/2025/texmf-dist/tex/latex/kvsetkeys/kvsetkeys.sty
Package: kvsetkeys 2022-10-05 v1.19 Key value parser (HO)
) (/usr/local/texlive/2025/texmf-dist/tex/generic/kvdefinekeys/kvdefinekeys.sty
Package: kvdefinekeys 2019-12-19 v1.6 Define keys (HO)
) (/usr/local/texlive/2025/texmf-dist/tex/latex/hycolor/hycolor.sty
Package: hycolor 2020-01-27 v1.10 Color options for hyperref/bookmark (HO)
) (/usr/local/texlive/2025/texmf-dist/tex/latex/hyperref/nameref.sty
Package: nameref 2023-11-26 v2.56 Cross-referencing by name of section
(/usr/local/texlive/2025/texmf-dist/tex/latex/refcount/refcount.sty
Package: refcount 2019/12/15 v3.6 Data extraction from label references (HO)
) (/usr/local/texlive/2025/texmf-dist/tex/generic/gettitlestring/gettitlestring.sty
Package: gettitlestring 2019/12/15 v1.6 Cleanup title references (HO)
(/usr/local/texlive/2025/texmf-dist/tex/latex/kvoptions/kvoptions.sty
Package: kvoptions 2022-06-15 v3.15 Key value format for package options (HO)
))
\c@section@level=\count361
)
\@linkdim=\dimen302
\Hy@linkcounter=\count362
\Hy@pagecounter=\count363
(/usr/local/texlive/2025/texmf-dist/tex/latex/hyperref/pd1enc.def
File: pd1enc.def 2024-11-05 v7.01l Hyperref: PDFDocEncoding definition (HO)
Now handling font encoding PD1 ...
... no UTF-8 mapping file for font encoding PD1
) (/usr/local/texlive/2025/texmf-dist/tex/generic/intcalc/intcalc.sty
Package: intcalc 2019/12/15 v1.3 Expandable calculations with integers (HO)
)
\Hy@SavedSpaceFactor=\count364
(/usr/local/texlive/2025/texmf-dist/tex/latex/hyperref/puenc.def
File: puenc.def 2024-11-05 v7.01l Hyperref: PDF Unicode definition (HO)
Now handling font encoding PU ...
... no UTF-8 mapping file for font encoding PU
)
Package hyperref Info: Option `final' set `true' on input line 4040.
Package hyperref Info: Hyper figures OFF on input line 4157.
Package hyperref Info: Link nesting OFF on input line 4162.
Package hyperref Info: Hyper index ON on input line 4165.
Package hyperref Info: Plain pages OFF on input line 4172.
Package hyperref Info: Backreferencing OFF on input line 4177.
Package hyperref Info: Implicit mode ON; LaTeX internals redefined.
Package hyperref Info: Bookmarks ON on input line 4424.
\c@Hy@tempcnt=\count365
(/usr/local/texlive/2025/texmf-dist/tex/latex/url/url.sty
\Urlmuskip=\muskip18
Package: url 2013/09/16  ver 3.4  Verb mode for urls, etc.
)
LaTeX Info: Redefining \url on input line 4763.
\XeTeXLinkMargin=\dimen303
(/usr/local/texlive/2025/texmf-dist/tex/generic/bitset/bitset.sty
Package: bitset 2019/12/09 v1.3 Handle bit-vector datatype (HO)
(/usr/local/texlive/2025/texmf-dist/tex/generic/bigintcalc/bigintcalc.sty
Package: bigintcalc 2019/12/15 v1.5 Expandable calculations on big integers (HO)
))
\Fld@menulength=\count366
\Field@Width=\dimen304
\Fld@charsize=\dimen305
Package hyperref Info: Hyper figures OFF on input line 6042.
Package hyperref Info: Link nesting OFF on input line 6047.
Package hyperref Info: Hyper index ON on input line 6050.
Package hyperref Info: backreferencing OFF on input line 6057.
Package hyperref Info: Link coloring OFF on input line 6062.
Package hyperref Info: Link coloring with OCG OFF on input line 6067.
Package hyperref Info: PDF/A mode OFF on input line 6072.
(/usr/local/texlive/2025/texmf-dist/tex/latex/base/atbegshi-ltx.sty
Package: atbegshi-ltx 2021/01/10 v1.0c Emulation of the original atbegshi
package with kernel methods
)
\Hy@abspage=\count367
\c@Item=\count368
\c@Hfootnote=\count369
)
Package hyperref Info: Driver (autodetected): hpdftex.
(/usr/local/texlive/2025/texmf-dist/tex/latex/hyperref/hpdftex.def
File: hpdftex.def 2024-11-05 v7.01l Hyperref driver for pdfTeX
\Fld@listcount=\count370
\c@bookmark@seq@number=\count371
(/usr/local/texlive/2025/texmf-dist/tex/latex/rerunfilecheck/rerunfilecheck.sty
Package: rerunfilecheck 2022-07-10 v1.10 Rerun checks for auxiliary files (HO)
(/usr/local/texlive/2025/texmf-dist/tex/generic/uniquecounter/uniquecounter.sty
Package: uniquecounter 2019/12/15 v1.4 Provide unlimited unique counter (HO)
)
Package uniquecounter Info: New unique counter `rerunfilecheck' on input line 285.
)
\Hy@SectionHShift=\skip59
)
Package hyperref Info: Option `colorlinks' set `true' on input line 110.
Package hyperref Info: Option `breaklinks' set `true' on input line 110.
(/usr/local/texlive/2025/texmf-dist/tex/latex/biblatex/biblatex.sty
Package: biblatex 2024/03/21 v3.20 programmable bibliographies (PK/MW)
(/usr/local/texlive/2025/texmf-dist/tex/latex/logreq/logreq.sty
Package: logreq 2010/08/04 v1.0 xml request logger
\lrq@indent=\count372
(/usr/local/texlive/2025/texmf-dist/tex/latex/logreq/logreq.def
File: logreq.def 2010/08/04 v1.0 logreq spec v1.0
)) (/usr/local/texlive/2025/texmf-dist/tex/latex/base/ifthen.sty
Package: ifthen 2024/03/16 v1.1e Standard LaTeX ifthen package (DPC)
)
\c@tabx@nest=\count373
\c@listtotal=\count374
\c@listcount=\count375
\c@liststart=\count376
\c@liststop=\count377
\c@citecount=\count378
\c@citetotal=\count379
\c@multicitecount=\count380
\c@multicitetotal=\count381
\c@instcount=\count382
\c@maxnames=\count383
\c@minnames=\count384
\c@maxitems=\count385
\c@minitems=\count386
\c@citecounter=\count387
\c@maxcitecounter=\count388
\c@savedcitecounter=\count389
\c@uniquelist=\count390
\c@uniquename=\count391
\c@refsection=\count392
\c@refsegment=\count393
\c@maxextratitle=\count394
\c@maxextratitleyear=\count395
\c@maxextraname=\count396
\c@maxextradate=\count397
\c@maxextraalpha=\count398
\c@abbrvpenalty=\count399
\c@highnamepenalty=\count400
\c@lownamepenalty=\count401
\c@maxparens=\count402
\c@parenlevel=\count403
\blx@tempcnta=\count404
\blx@tempcntb=\count405
\blx@tempcntc=\count406
\c@blx@maxsection=\count407
\blx@maxsegment@0=\count408
\blx@notetype=\count409
\blx@parenlevel@text=\count410
\blx@parenlevel@foot=\count411
\blx@sectionciteorder@0=\count412
\blx@sectionciteorderinternal@0=\count413
\blx@entrysetcounter=\count414
\blx@biblioinstance=\count415
\labelnumberwidth=\skip60
\labelalphawidth=\skip61
\biblabelsep=\skip62
\bibitemsep=\skip63
\bibnamesep=\skip64
\bibinitsep=\skip65
\bibparsep=\skip66
\bibhang=\skip67
\blx@bcfin=\read4
\blx@bcfout=\write6
\blx@langwohyphens=\language90
\c@mincomprange=\count416
\c@maxcomprange=\count417
\c@mincompwidth=\count418
Package biblatex Info: Trying to load biblatex default data model...
Package biblatex Info: ... file 'blx-dm.def' found.
(/usr/local/texlive/2025/texmf-dist/tex/latex/biblatex/blx-dm.def
File: blx-dm.def 2024/03/21 v3.20 biblatex datamodel (PK/MW)
)
Package biblatex Info: Trying to load biblatex custom data model...
Package biblatex Info: ... file 'biblatex-dm.cfg' not found.
\c@afterword=\count419
\c@savedafterword=\count420
\c@annotator=\count421
\c@savedannotator=\count422
\c@author=\count423
\c@savedauthor=\count424
\c@bookauthor=\count425
\c@savedbookauthor=\count426
\c@commentator=\count427
\c@savedcommentator=\count428
\c@editor=\count429
\c@savededitor=\count430
\c@editora=\count431
\c@savededitora=\count432
\c@editorb=\count433
\c@savededitorb=\count434
\c@editorc=\count435
\c@savededitorc=\count436
\c@foreword=\count437
\c@savedforeword=\count438
\c@holder=\count439
\c@savedholder=\count440
\c@introduction=\count441
\c@savedintroduction=\count442
\c@namea=\count443
\c@savednamea=\count444
\c@nameb=\count445
\c@savednameb=\count446
\c@namec=\count447
\c@savednamec=\count448
\c@translator=\count449
\c@savedtranslator=\count450
\c@shortauthor=\count451
\c@savedshortauthor=\count452
\c@shorteditor=\count453
\c@savedshorteditor=\count454
\c@labelname=\count455
\c@savedlabelname=\count456
\c@institution=\count457
\c@savedinstitution=\count458
\c@lista=\count459
\c@savedlista=\count460
\c@listb=\count461
\c@savedlistb=\count462
\c@listc=\count463
\c@savedlistc=\count464
\c@listd=\count465
\c@savedlistd=\count466
\c@liste=\count467
\c@savedliste=\count468
\c@listf=\count469
\c@savedlistf=\count470
\c@location=\count471
\c@savedlocation=\count472
\c@organization=\count473
\c@savedorganization=\count474
\c@origlocation=\count475
\c@savedoriglocation=\count476
\c@origpublisher=\count477
\c@savedorigpublisher=\count478
\c@publisher=\count479
\c@savedpublisher=\count480
\c@language=\count481
\c@savedlanguage=\count482
\c@origlanguage=\count483
\c@savedoriglanguage=\count484
\c@pageref=\count485
\c@savedpageref=\count486
\shorthandwidth=\skip68
\shortjournalwidth=\skip69
\shortserieswidth=\skip70
\shorttitlewidth=\skip71
\shortauthorwidth=\skip72
\shorteditorwidth=\skip73
\locallabelnumberwidth=\skip74
\locallabelalphawidth=\skip75
\localshorthandwidth=\skip76
\localshortjournalwidth=\skip77
\localshortserieswidth=\skip78
\localshorttitlewidth=\skip79
\localshortauthorwidth=\skip80
\localshorteditorwidth=\skip81
Package biblatex Info: Trying to load compatibility code...
Package biblatex Info: ... file 'blx-compat.def' found.
(/usr/local/texlive/2025/texmf-dist/tex/latex/biblatex/blx-compat.def
File: blx-compat.def 2024/03/21 v3.20 biblatex compatibility (PK/MW)
)
Package biblatex Info: Trying to load generic definitions...
Package biblatex Info: ... file 'biblatex.def' found.
(/usr/local/texlive/2025/texmf-dist/tex/latex/biblatex/biblatex.def
File: biblatex.def 2024/03/21 v3.20 biblatex compatibility (PK/MW)
\c@textcitecount=\count487
\c@textcitetotal=\count488
\c@textcitemaxnames=\count489
\c@biburlbigbreakpenalty=\count490
\c@biburlbreakpenalty=\count491
\c@biburlnumpenalty=\count492
\c@biburlucpenalty=\count493
\c@biburllcpenalty=\count494
\biburlbigskip=\muskip19
\biburlnumskip=\muskip20
\biburlucskip=\muskip21
\biburllcskip=\muskip22
\c@smartand=\count495
)
Package biblatex Info: Trying to load bibliography style 'numeric'...
Package biblatex Info: ... file 'numeric.bbx' found.
(/usr/local/texlive/2025/texmf-dist/tex/latex/biblatex/bbx/numeric.bbx
File: numeric.bbx 2024/03/21 v3.20 biblatex bibliography style (PK/MW)
Package biblatex Info: Trying to load bibliography style 'standard'...
Package biblatex Info: ... file 'standard.bbx' found.
(/usr/local/texlive/2025/texmf-dist/tex/latex/biblatex/bbx/standard.bbx
File: standard.bbx 2024/03/21 v3.20 biblatex bibliography style (PK/MW)
\c@bbx:relatedcount=\count496
\c@bbx:relatedtotal=\count497
))
Package biblatex Info: Trying to load citation style 'numeric'...
Package biblatex Info: ... file 'numeric.cbx' found.
(/usr/local/texlive/2025/texmf-dist/tex/latex/biblatex/cbx/numeric.cbx
File: numeric.cbx 2024/03/21 v3.20 biblatex citation style (PK/MW)
Package biblatex Info: Redefining '\cite'.
Package biblatex Info: Redefining '\parencite'.
Package biblatex Info: Redefining '\footcite'.
Package biblatex Info: Redefining '\footcitetext'.
Package biblatex Info: Redefining '\smartcite'.
Package biblatex Info: Redefining '\supercite'.
Package biblatex Info: Redefining '\textcite'.
Package biblatex Info: Redefining '\textcites'.
Package biblatex Info: Redefining '\cites'.
Package biblatex Info: Redefining '\parencites'.
Package biblatex Info: Redefining '\smartcites'.
)
Package biblatex Info: Trying to load configuration file...
Package biblatex Info: ... file 'biblatex.cfg' found.
(/usr/local/texlive/2025/texmf-dist/tex/latex/biblatex/biblatex.cfg
File: biblatex.cfg 
)
Package biblatex Info: Input encoding 'utf8' detected.
Package biblatex Info: Document encoding is UTF8 ....
(/usr/local/texlive/2025/texmf-dist/tex/latex/l3kernel/expl3.sty
Package: expl3 2025-01-18 L3 programming layer (loader) 
(/usr/local/texlive/2025/texmf-dist/tex/latex/l3backend/l3backend-pdftex.def
File: l3backend-pdftex.def 2024-05-08 L3 backend support: PDF output (pdfTeX)
\l__color_backend_stack_int=\count498
\l__pdf_internal_box=\box141
))
Package biblatex Info: ... and expl3
(biblatex)             2025-01-18 L3 programming layer (loader) 
(biblatex)             is new enough (at least 2020/04/06),
(biblatex)             setting 'casechanger=expl3'.
(/usr/local/texlive/2025/texmf-dist/tex/latex/biblatex/blx-case-expl3.sty (/usr/local/texlive/2025/texmf-dist/tex/latex/l3packages/xparse/xparse.sty
Package: xparse 2024-08-16 L3 Experimental document command parser
)
Package: blx-case-expl3 2024/03/21 v3.20 expl3 case changing code for biblatex
)) (/usr/local/texlive/2025/texmf-dist/tex/latex/multirow/multirow.sty
Package: multirow 2024/11/12 v2.9 Span multiple rows of a table
\multirow@colwidth=\skip82
\multirow@cntb=\count499
\multirow@dima=\skip83
\bigstrutjot=\dimen306
) (/usr/local/texlive/2025/texmf-dist/tex/latex/titling/titling.sty
Package: titling 2009/09/04 v2.1d maketitle typesetting
\thanksmarkwidth=\skip84
\thanksmargin=\skip85
\droptitle=\skip86
)
Package translations Info: No language package found. I am going to use `english' as default language. on input line 139.
\@quotelevel=\count500
\@quotereset=\count501
No file tikz/main-figure13.aux.
LaTeX Font Info:    Checking defaults for OML/cmm/m/it on input line 139.
LaTeX Font Info:    ... okay on input line 139.
LaTeX Font Info:    Checking defaults for OMS/cmsy/m/n on input line 139.
LaTeX Font Info:    ... okay on input line 139.
LaTeX Font Info:    Checking defaults for OT1/cmr/m/n on input line 139.
LaTeX Font Info:    ... okay on input line 139.
LaTeX Font Info:    Checking defaults for T1/cmr/m/n on input line 139.
LaTeX Font Info:    ... okay on input line 139.
LaTeX Font Info:    Checking defaults for TS1/cmr/m/n on input line 139.
LaTeX Font Info:    ... okay on input line 139.
LaTeX Font Info:    Checking defaults for OMX/cmex/m/n on input line 139.
LaTeX Font Info:    ... okay on input line 139.
LaTeX Font Info:    Checking defaults for U/cmr/m/n on input line 139.
LaTeX Font Info:    ... okay on input line 139.
LaTeX Font Info:    Checking defaults for PD1/pdf/m/n on input line 139.
LaTeX Font Info:    ... okay on input line 139.
LaTeX Font Info:    Checking defaults for PU/pdf/m/n on input line 139.
LaTeX Font Info:    ... okay on input line 139.
(/usr/local/texlive/2025/texmf-dist/tex/context/base/mkii/supp-pdf.mkii
[Loading MPS to PDF converter (version 2006.09.02).]
\scratchcounter=\count502
\scratchdimen=\dimen307
\scratchbox=\box142
\nofMPsegments=\count503
\nofMParguments=\count504
\everyMPshowfont=\toks45
\MPscratchCnt=\count505
\MPscratchDim=\dimen308
\MPnumerator=\count506
\makeMPintoPDFobject=\count507
\everyMPtoPDFconversion=\toks46
) (/usr/local/texlive/2025/texmf-dist/tex/latex/epstopdf-pkg/epstopdf-base.sty
Package: epstopdf-base 2020-01-24 v2.11 Base part for package epstopdf
Package epstopdf-base Info: Redefining graphics rule for `.eps' on input line 485.
(/usr/local/texlive/2025/texmf-dist/tex/latex/latexconfig/epstopdf-sys.cfg
File: epstopdf-sys.cfg 2010/07/13 v1.3 Configuration of (r)epstopdf for TeX Live
))
\c@lstlisting=\count508
(/usr/local/texlive/2025/texmf-dist/tex/latex/base/inputenc.sty
Package: inputenc 2024/02/08 v1.3d Input encoding file
\inpenc@prehook=\toks47
\inpenc@posthook=\toks48
) (|'inkscape' -V ) (/usr/local/texlive/2025/texmf-dist/tex/latex/translations/translations-basic-dictionary-english.trsl
File: translations-basic-dictionary-english.trsl (english translation file `translations-basic-dictionary')
)
Package translations Info: loading dictionary `translations-basic-dictionary' for `english'. on input line 139.
Package caption Info: Begin \AtBeginDocument code.
Package caption Info: float package is loaded.
Package caption Info: hyperref package is loaded.
Package caption Info: End \AtBeginDocument code.
*geometry* driver: auto-detecting
*geometry* detected driver: pdftex
*geometry* verbose mode - [ preamble ] result:
* driver: pdftex
* paper: a4paper
* layout: <same size as paper>
* layoutoffset:(h,v)=(0.0pt,0.0pt)
* modes: 
* h-part:(L,W,R)=(56.9055pt, 483.69687pt, 56.9055pt)
* v-part:(T,H,B)=(56.9055pt, 731.23584pt, 56.9055pt)
* \paperwidth=597.50787pt
* \paperheight=845.04684pt
* \textwidth=483.69687pt
* \textheight=731.23584pt
* \oddsidemargin=-15.36449pt
* \evensidemargin=-15.36449pt
* \topmargin=-52.36449pt
* \headheight=12.0pt
* \headsep=25.0pt
* \topskip=11.0pt
* \footskip=30.0pt
* \marginparwidth=50.0pt
* \marginparsep=10.0pt
* \columnsep=17.07182pt
* \skip\footins=10.0pt plus 4.0pt minus 2.0pt
* \hoffset=0.0pt
* \voffset=0.0pt
* \mag=1000
* \@twocolumnfalse
* \@twosidefalse
* \@mparswitchfalse
* \@reversemarginfalse
* (1in=72.27pt=25.4mm, 1cm=28.453pt)

\providecommand\hyper@newdestlabel[2]{}
Package hyperref Info: Link coloring ON on input line 139.
Package biblatex Info: Trying to load language 'english'...
Package biblatex Info: ... file 'english.lbx' found.
(/usr/local/texlive/2025/texmf-dist/tex/latex/biblatex/lbx/english.lbx
File: english.lbx 2024/03/21 v3.20 biblatex localization (PK/MW)
)
Package biblatex Info: Input encoding 'utf8' detected.
Package biblatex Info: Automatic encoding selection.
(biblatex)             Assuming data encoding 'utf8'.
Package biblatex Info: Trying to load bibliographic data...
Package biblatex Info: ... file 'tikz/main-figure13.bbl' not found.
No file tikz/main-figure13.bbl.
Package biblatex Info: Reference section=0 on input line 139.
Package biblatex Info: Reference segment=0 on input line 139.
LaTeX Font Info:    Trying to load font information for U+msa on input line 142.
(/usr/local/texlive/2025/texmf-dist/tex/latex/amsfonts/umsa.fd
File: umsa.fd 2013/01/14 v3.01 AMS symbols A
)
LaTeX Font Info:    Trying to load font information for U+msb on input line 142.
(/usr/local/texlive/2025/texmf-dist/tex/latex/amsfonts/umsb.fd
File: umsb.fd 2013/01/14 v3.01 AMS symbols B
)
LaTeX Font Info:    Trying to load font information for U+rsfs on input line 142.
(/usr/local/texlive/2025/texmf-dist/tex/latex/jknapltx/ursfs.fd
File: ursfs.fd 1998/03/24 rsfs font definition file (jk)
)

No file tikz/main-figure13.toc.



LaTeX Warning: Hyper reference `Thermodynamics' on page 2 undefined on input line 155.


LaTeX Warning: Hyper reference `Radiative Transfer' on page 2 undefined on input line 155.


LaTeX Warning: Hyper reference `Clouds' on page 2 undefined on input line 157.


LaTeX Warning: Hyper reference `Instrumentation' on page 2 undefined on input line 159.


LaTeX Warning: Hyper reference `Geophysical Fluid Dynamics' on page 2 undefined on input line 162.

Excluding 'comment' comment.

LaTeX Warning: Hyper reference `Radiative Transfer' on page 2 undefined on input line 178.



\providecommand\hyper@newdestlabel[2]{}
(./Thermodynamics.tex


LaTeX Warning: Hyper reference `Basic Thermodynamics' on page 4 undefined on input line 10.


LaTeX Warning: Hyper reference `Ideal Gas Box' on page 4 undefined on input line 13.


LaTeX Warning: Hyper reference `Equipartition' on page 4 undefined on input line 13.


LaTeX Warning: Hyper reference `Multiple' on page 4 undefined on input line 13.


LaTeX Warning: Hyper reference `Hydrostatic Box' on page 4 undefined on input line 13.


LaTeX Warning: Hyper reference `Dry Thermodynamics' on page 4 undefined on input line 16.


LaTeX Warning: Hyper reference `Dry Adiabat Box' on page 4 undefined on input line 19.


LaTeX Warning: Hyper reference `Dry Stability Box' on page 4 undefined on input line 19.


LaTeX Warning: Hyper reference `Convection Box' on page 4 undefined on input line 19.


LaTeX Warning: Hyper reference `Moist Thermodynamics' on page 4 undefined on input line 22.


LaTeX Warning: Hyper reference `Moist Pseudo Adiabat' on page 4 undefined on input line 24.


LaTeX Warning: Hyper reference `Dry Adiabat Box' on page 4 undefined on input line 24.


LaTeX Warning: Reference `Clouds' on page 4 undefined on input line 24.



Chapter 1.

Underfull \hbox (badness 7012) in paragraph at lines 42--42
\OT1/cmr/m/n/10.95 N m[]$ (New-tons per
 []


Underfull \hbox (badness 10000) in paragraph at lines 48--48
[]|$\OT1/cmr/m/n/10.95 m[]$ (In-verse me-tre
 []


Underfull \hbox (badness 10000) in paragraph at lines 50--50
[]|$[] [][]$ \OT1/cmr/m/n/10.95 (Kilo-grams
 []


Overfull \hbox (10.16582pt too wide) in paragraph at lines 37--53
[][] 
 []


Overfull \hbox (0.65858pt too wide) in paragraph at lines 68--68
[]|\OT1/cmr/m/sl/10.95 Mole| 
 []


Overfull \hbox (1.38858pt too wide) in paragraph at lines 75--75
[]|\OT1/cmr/m/sl/10.95 Mass| 
 []


Overfull \hbox (6.3019pt too wide) in paragraph at lines 64--86
[] 
 []




LaTeX Warning: Hyper reference `Moist Thermodynamics' on page 6 undefined on input line 117.




LaTeX Warning: Reference `Ideal Gas Primitive' on page 7 undefined on input line 150.


LaTeX Warning: Reference `density to number' on page 7 undefined on input line 150.


LaTeX Warning: Reference `Ideal Gas Primitive' on page 7 undefined on input line 150.


LaTeX Warning: Reference `density to number' on page 7 undefined on input line 150.


LaTeX Warning: Reference `Dalton's Law' on page 7 undefined on input line 169.


LaTeX Warning: Reference `Dalton's Law' on page 7 undefined on input line 173.




LaTeX Warning: Reference `Ideal Gas Primitive' on page 8 undefined on input line 195.


LaTeX Warning: Reference `Ideal Gas Primitive' on page 8 undefined on input line 195.




LaTeX Warning: Reference `7DoF' on page 9 undefined on input line 225.

A tikzpicture has been optimized away. Use '/tikz/external/optimize=false' to disable this.

Overfull \hbox (664.8175pt too wide) in paragraph at lines 244--245
 [][] 
 []

A tikzpicture has been optimized away. Use '/tikz/external/optimize=false' to disable this.

Overfull \hbox (658.24751pt too wide) in paragraph at lines 260--261
 [][] 
 []

A tikzpicture has been optimized away. Use '/tikz/external/optimize=false' to disable this.

Overfull \hbox (658.24751pt too wide) in paragraph at lines 274--275
 [][] 
 []


Underfull \hbox (badness 10000) in paragraph at lines 289--290

 []

A tikzpicture has been optimized away. Use '/tikz/external/optimize=false' to disable this.

Overfull \hbox (658.24751pt too wide) in paragraph at lines 303--304
 [][] 
 []

A tikzpicture has been optimized away. Use '/tikz/external/optimize=false' to disable this.

Overfull \hbox (658.24751pt too wide) in paragraph at lines 319--320
 [][] 
 []

A tikzpicture has been optimized away. Use '/tikz/external/optimize=false' to disable this.

Overfull \hbox (658.24751pt too wide) in paragraph at lines 333--334
 [][] 
 []



Package svg Info: Last page of `./svg-inkscape/Hydrostatic_svg-tex.pdf' is 1 on input line 346.
(./svg-inkscape/Hydrostatic_svg-tex.pdf_tex
The command '\includegraphics [width=\unitlength ,page=1]{\svg@includegraphics@file }' has been optimized away. Use '/tikz/external/optimize=false' to disable this.
)

LaTeX Warning: Citation 'Altimeter' on page 10 undefined on input line 369.


LaTeX Warning: Reference `Hydrostatic Balance' on page 10 undefined on input line 371.




LaTeX Warning: Reference `Hydrostatic Differential' on page 11 undefined on input line 376.


LaTeX Warning: Reference `Hydrostatic Balance' on page 11 undefined on input line 407.


LaTeX Warning: Reference `Shallow Water System' on page 11 undefined on input line 416.


LaTeX Warning: Reference `Ideal Gas' on page 11 undefined on input line 420.


LaTeX Warning: Reference `Hydrostatic Balance' on page 11 undefined on input line 420.



The command '\includegraphics [width=0.6\linewidth ]{Figures/Thermodynamics/Radiosonde 2.jpg}' has been optimized away. Use '/tikz/external/optimize=false' to disable this.

LaTeX Warning: Citation 'Radiosonde' on page 12 undefined on input line 436.


LaTeX Warning: Citation 'Radiosonde' on page 12 undefined on input line 436.

The command '\includegraphics [width=0.8\linewidth ]{Figures/Thermodynamics/Earth Radiosonde Pressure.png}' has been optimized away. Use '/tikz/external/optimize=false' to disable this.

LaTeX Warning: Citation 'Ray' on page 12 undefined on input line 442.


LaTeX Warning: Citation 'Ray' on page 12 undefined on input line 442.


LaTeX Warning: Hyper reference `Hydrostatic Balance' on page 12 undefined on input line 448.


LaTeX Warning: Hyper reference `Example 2: Ideal Gas' on page 12 undefined on input line 458.



Chapter 2.
The command '\includegraphics [width=\linewidth ]{Figures/Thermodynamics/Earth Temperature Profile Radiosonde.png}' has been optimized away. Use '/tikz/external/optimize=false' to disable this.

Underfull \hbox (badness 10000) in paragraph at lines 468--469
[]\OT1/cmr/m/n/10.95 [ \OT1/cmr/m/sc/10.95 \in-clude-graph-
 []


Underfull \hbox (badness 4479) in paragraph at lines 468--469
\OT1/cmr/m/sc/10.95 ics op-ti-mized away
 []


Underfull \hbox (badness 10000) in paragraph at lines 468--469
\OT1/cmr/m/sc/10.95 be-cause it does
 []


Underfull \hbox (badness 3118) in paragraph at lines 468--469
\OT1/cmr/m/sc/10.95 not con-tribute to
 []

The command '\includegraphics [width=\linewidth ]{Figures/Thermodynamics/Jupiter Radiosonde.png}' has been optimized away. Use '/tikz/external/optimize=false' to disable this.

Underfull \hbox (badness 2913) in paragraph at lines 472--473
[]\OT1/cmr/m/n/10.95 [ \OT1/cmr/m/sc/10.95 \in-clude-graph-ics op-ti-
 []


Underfull \hbox (badness 6493) in paragraph at lines 472--473
\OT1/cmr/m/sc/10.95 mized away be-cause it
 []

The command '\includegraphics [width=\linewidth ]{Figures/Thermodynamics/Venus Radiosonde.png}' has been optimized away. Use '/tikz/external/optimize=false' to disable this.

Underfull \hbox (badness 2913) in paragraph at lines 475--476
[]\OT1/cmr/m/n/10.95 [ \OT1/cmr/m/sc/10.95 \in-clude-graph-ics op-ti-
 []


Underfull \hbox (badness 6493) in paragraph at lines 475--476
\OT1/cmr/m/sc/10.95 mized away be-cause it
 []

The command '\includegraphics [width=\linewidth ]{Figures/Thermodynamics/Mars Radiosonde.png}' has been optimized away. Use '/tikz/external/optimize=false' to disable this.

Underfull \hbox (badness 2913) in paragraph at lines 479--480
[]\OT1/cmr/m/n/10.95 [ \OT1/cmr/m/sc/10.95 \in-clude-graph-ics op-ti-
 []


Underfull \hbox (badness 6493) in paragraph at lines 479--480
\OT1/cmr/m/sc/10.95 mized away be-cause it
 []

The command '\includegraphics [width=\linewidth ]{Figures/Thermodynamics/Titan Radiosonde.png}' has been optimized away. Use '/tikz/external/optimize=false' to disable this.

Underfull \hbox (badness 2913) in paragraph at lines 482--483
[]\OT1/cmr/m/n/10.95 [ \OT1/cmr/m/sc/10.95 \in-clude-graph-ics op-ti-
 []


Underfull \hbox (badness 6493) in paragraph at lines 482--483
\OT1/cmr/m/sc/10.95 mized away be-cause it
 []


LaTeX Warning: Citation 'Ray' on page 13 undefined on input line 484.


LaTeX Warning: Citation 'Ray' on page 13 undefined on input line 484.


LaTeX Warning: Hyper reference `Dry Adiabat Box' on page 13 undefined on input line 489.


LaTeX Warning: Hyper reference `Dry Stability Box' on page 13 undefined on input line 489.


LaTeX Warning: Hyper reference `Moist Thermodynamics' on page 13 undefined on input line 491.


LaTeX Warning: Hyper reference `Radiative Transfer' on page 13 undefined on input line 491.


LaTeX Warning: Hyper reference `Geophysical Fluid Dynamics' on page 13 undefined on input line 491.




LaTeX Warning: Reference `Radiative Transfer' on page 14 undefined on input line 508.


LaTeX Warning: Reference `Ideal Gas' on page 14 undefined on input line 531.


LaTeX Warning: Reference `Ideal Gas' on page 14 undefined on input line 546.


LaTeX Warning: Reference `Ideal Gas' on page 14 undefined on input line 546.




LaTeX Warning: Reference `Dry Adiabat' on page 15 undefined on input line 580.


LaTeX Warning: Reference `Dry Adiabat' on page 15 undefined on input line 582.


LaTeX Warning: Reference `Dry Adiabat' on page 15 undefined on input line 582.


LaTeX Warning: Reference `Dry Adiabat' on page 15 undefined on input line 588.


LaTeX Warning: Reference `Dry Adiabat' on page 15 undefined on input line 588.


LaTeX Warning: Hyper reference `Hydrostatic Balance' on page 15 undefined on input line 588.


LaTeX Warning: Hyper reference `Ideal Gas' on page 15 undefined on input line 588.




LaTeX Warning: Reference `Hydrostatic Balance' on page 16 undefined on input line 602.


LaTeX Warning: Reference `Ideal Gas' on page 16 undefined on input line 602.


LaTeX Warning: Reference `Hydrostatic Balance' on page 16 undefined on input line 602.


LaTeX Warning: Reference `Ideal Gas' on page 16 undefined on input line 602.

A tikzpicture has been optimized away. Use '/tikz/external/optimize=false' to disable this.

LaTeX Warning: Reference `Dry Adiabat' on page 16 undefined on input line 616.


LaTeX Warning: Reference `Dry Adiabat' on page 16 undefined on input line 616.

The command '\includegraphics [width=0.8\linewidth ]{Figures/Thermodynamics/Earth Temperature Profile Radiosonde.png}' has been optimized away. Use '/tikz/external/optimize=false' to disable this.

LaTeX Warning: Hyper reference `Equipartition' on page 16 undefined on input line 627.


LaTeX Warning: Reference `Earth T Observation' on page 16 undefined on input line 632.


LaTeX Warning: Hyper reference `Moist Thermodynamics' on page 16 undefined on input line 632.


LaTeX Warning: Hyper reference `Radiative Transfer' on page 16 undefined on input line 632.


LaTeX Warning: Hyper reference `Radiative-Convective Equilibrium' on page 16 undefined on input line 634.


LaTeX Warning: Reference `Clouds' on page 16 undefined on input line 634.


Underfull \hbox (badness 10000) in paragraph at lines 640--641

 []




Underfull \hbox (badness 10000) in paragraph at lines 642--643

 []


LaTeX Warning: Hyper reference `Dry Adiabat' on page 17 undefined on input line 644.


LaTeX Warning: Hyper reference `Material Conservation' on page 17 undefined on input line 644.


LaTeX Warning: Hyper reference `Material Conservation' on page 17 undefined on input line 644.


LaTeX Warning: Reference `Geophysical Fluid Dynamics' on page 17 undefined on input line 644.


LaTeX Warning: Hyper reference `Material Conservation' on page 17 undefined on input line 646.


LaTeX Warning: Hyper reference `Dry Adiabat' on page 17 undefined on input line 652.


LaTeX Warning: Hyper reference `Material Conservation' on page 17 undefined on input line 664.


LaTeX Warning: Hyper reference `Dry Adiabat' on page 17 undefined on input line 666.


LaTeX Warning: Hyper reference `Hydrostatic Balance' on page 17 undefined on input line 674.


LaTeX Warning: Hyper reference `Dry Adiabat' on page 17 undefined on input line 674.




LaTeX Warning: Hyper reference `Hydrostatic Balance' on page 18 undefined on input line 683.


LaTeX Warning: Reference `Ideal Gas' on page 18 undefined on input line 690.


LaTeX Warning: Reference `Potential Temperature' on page 18 undefined on input line 690.


LaTeX Warning: Reference `Shallow Water System' on page 18 undefined on input line 699.


LaTeX Warning: Hyper reference `Dry Adiabat' on page 18 undefined on input line 705.




LaTeX Warning: Hyper reference `Dry Adiabat' on page 19 undefined on input line 715.


LaTeX Warning: Reference `Dry Stability' on page 19 undefined on input line 734.


LaTeX Warning: Reference `Dry Stability Stable' on page 19 undefined on input line 734.


LaTeX Warning: Reference `Dry Adiabat' on page 19 undefined on input line 734.


LaTeX Warning: Reference `Dry Adiabat' on page 19 undefined on input line 734.


LaTeX Warning: Reference `Dry Stability Stable' on page 19 undefined on input line 736.


LaTeX Warning: Reference `Dry Stability' on page 19 undefined on input line 736.


LaTeX Warning: Reference `Buoyancy Force Temp' on page 19 undefined on input line 736.


LaTeX Warning: Reference `Dry Stability Stable' on page 19 undefined on input line 738.


LaTeX Warning: Reference `Dry Stability' on page 19 undefined on input line 738.


LaTeX Warning: Hyper reference `Vertical Structure' on page 19 undefined on input line 742.

A tikzpicture has been optimized away. Use '/tikz/external/optimize=false' to disable this.
Excluding 'comment' comment.


LaTeX Warning: Reference `Potential Temperature' on page 20 undefined on input line 828.


LaTeX Warning: Reference `Dry Stability' on page 20 undefined on input line 828.

Excluding 'comment' comment.

LaTeX Warning: Reference `Dry Stability' on page 20 undefined on input line 860.


LaTeX Warning: Reference `Potential Temperature' on page 20 undefined on input line 860.


LaTeX Warning: Reference `Dry Stability' on page 20 undefined on input line 860.


LaTeX Warning: Reference `Potential Temperature' on page 20 undefined on input line 860.

A tikzpicture has been optimized away. Use '/tikz/external/optimize=false' to disable this.

LaTeX Warning: Reference `Buoyancy Force Temp' on page 20 undefined on input line 925.


LaTeX Warning: Reference `Hydrostatic Balance Ideal' on page 20 undefined on input line 925.




LaTeX Warning: Hyper reference `Dry Adiabat' on page 21 undefined on input line 931.


LaTeX Warning: Hyper reference `Dry Adiabat' on page 21 undefined on input line 946.


LaTeX Warning: Reference `LMA' on page 21 undefined on input line 952.

A tikzpicture has been optimized away. Use '/tikz/external/optimize=false' to disable this.

Overfull \hbox (0.99321pt too wide) in paragraph at lines 955--1002
$[]$   $[]$ 
 []




LaTeX Warning: Reference `Ideal Gas' on page 22 undefined on input line 1010.


LaTeX Warning: Reference `Hydrostatic Balance' on page 22 undefined on input line 1024.


LaTeX Warning: Reference `Hydrostatic Differential' on page 22 undefined on input line 1044.




LaTeX Warning: Reference `First Law' on page 23 undefined on input line 1049.


LaTeX Warning: Reference `Delta E 1' on page 23 undefined on input line 1056.


LaTeX Warning: Reference `Delta E 2' on page 23 undefined on input line 1056.

Excluding 'comment' comment.

Chapter 3.
The command '\includegraphics [width=\linewidth ]{Figures/Thermodynamics/Phase_diagram_of_water_simplified.svg.png}' has been optimized away. Use '/tikz/external/optimize=false' to disable this.
The command '\includegraphics [width=\linewidth ]{Figures/Thermodynamics/Phase_diagram_of_water_simplified.png}' has been optimized away. Use '/tikz/external/optimize=false' to disable this.

LaTeX Warning: Citation 'PhaseDiagramme' on page 24 undefined on input line 1100.


LaTeX Warning: Citation 'PhaseDiagramme' on page 24 undefined on input line 1100.


LaTeX Warning: Hyper reference `Clouds' on page 24 undefined on input line 1106.


LaTeX Warning: Hyper reference `Dry Adiabat' on page 24 undefined on input line 1108.


LaTeX Warning: Reference `Phase Diagramme' on page 24 undefined on input line 1108.




LaTeX Warning: Hyper reference `Dry Adiabat' on page 25 undefined on input line 1148.


LaTeX Warning: Hyper reference `Dry Adiabat' on page 25 undefined on input line 1152.




LaTeX Warning: Hyper reference `Hydrostatic Balance' on page 26 undefined on input line 1160.


LaTeX Warning: Reference `Sat Vap Pressure' on page 26 undefined on input line 1164.


LaTeX Warning: Reference `Total Mass Hydrostatic' on page 26 undefined on input line 1170.


LaTeX Warning: Hyper reference `Dry Adiabat' on page 26 undefined on input line 1172.


LaTeX Warning: Reference `1 component moist adiabat' on page 26 undefined on input line 1172.


LaTeX Warning: Hyper reference `Clausius Clapeyron' on page 26 undefined on input line 1184.


LaTeX Warning: Hyper reference `Dry Adiabat' on page 26 undefined on input line 1190.




LaTeX Warning: Reference `Clausius Clapeyron Simplified' on page 27 undefined on input line 1211.


LaTeX Warning: Reference `Clausius Clapeyron Simplified' on page 27 undefined on input line 1229.


LaTeX Warning: Reference `Clausius Clapeyron Simplified' on page 27 undefined on input line 1229.


LaTeX Warning: Reference `1st law latent heat' on page 27 undefined on input line 1231.


LaTeX Warning: Hyper reference `Potential Temperature' on page 27 undefined on input line 1231.


LaTeX Warning: Hyper reference `Material Conservation' on page 27 undefined on input line 1231.


LaTeX Warning: Hyper reference `Dry Adiabat' on page 27 undefined on input line 1231.




LaTeX Warning: Hyper reference `Dry Adiabat Box' on page 28 undefined on input line 1244.


LaTeX Warning: Reference `dilute moist adiabat' on page 28 undefined on input line 1251.


LaTeX Warning: Hyper reference `Dry Adiabat' on page 28 undefined on input line 1251.


LaTeX Warning: Reference `Clausius Clapeyron' on page 28 undefined on input line 1261.


LaTeX Warning: Hyper reference `Dry Adiabat Box' on page 28 undefined on input line 1263.




LaTeX Warning: Hyper reference `Dry Adiabat' on page 29 undefined on input line 1269.


LaTeX Warning: Hyper reference `dilute moist adiabat' on page 29 undefined on input line 1269.


LaTeX Warning: Reference `Convection' on page 29 undefined on input line 1273.


LaTeX Warning: Reference `Convection Clouds' on page 29 undefined on input line 1273.

)

\providecommand\hyper@newdestlabel[2]{}
(./Radiative Transfer.tex


LaTeX Warning: Hyper reference `Basic Thermodynamics' on page 31 undefined on input line 10.


LaTeX Warning: Hyper reference `Solid Angle Box' on page 31 undefined on input line 13.


LaTeX Warning: Hyper reference `Radiance Box' on page 31 undefined on input line 13.


LaTeX Warning: Hyper reference `Line Box' on page 31 undefined on input line 19.


LaTeX Warning: Hyper reference `Lorentz Box' on page 31 undefined on input line 19.



Chapter 4.

LaTeX Warning: Reference `2D Ray' on page 32 undefined on input line 49.


LaTeX Warning: Reference `3D Ray' on page 32 undefined on input line 49.

A tikzpicture has been optimized away. Use '/tikz/external/optimize=false' to disable this.

Overfull \hbox (451.39917pt too wide) in paragraph at lines 81--82
 [][] 
 []

A tikzpicture has been optimized away. Use '/tikz/external/optimize=false' to disable this.

Overfull \hbox (451.39917pt too wide) in paragraph at lines 110--111
 [][] 
 []






LaTeX Warning: Reference `Two Stream Approximation' on page 34 undefined on input line 149.


LaTeX Warning: Reference `Frequency Bands' on page 34 undefined on input line 149.


LaTeX Warning: Reference `Radiative Equilibrium' on page 34 undefined on input line 149.


Overfull \hbox (1.03987pt too wide) detected at line 168
[]
 []


Overfull \hbox (2.43333pt too wide) in paragraph at lines 155--188
[]$[]$ $[]$ 
 []

A tikzpicture has been optimized away. Use '/tikz/external/optimize=false' to disable this.

LaTeX Font Warning: Font shape `OT1/cmr/m/scsl' undefined
(Font)              using `OT1/cmr/m/sc' instead on input line 206.


Underfull \hbox (badness 10000) in paragraph at lines 223--223
[]|$\OT1/cmr/m/n/10.95 m[]$;
 []


Overfull \hbox (4.47578pt too wide) in paragraph at lines 214--226
[][] 
 []




LaTeX Warning: Reference `Spec Rad BB' on page 35 undefined on input line 250.


LaTeX Warning: Reference `Cum BB' on page 35 undefined on input line 257.

The command '\includegraphics [width=\linewidth ]{Figures/Radiative Transfer/BB Spectral Radiance.png}' has been optimized away. Use '/tikz/external/optimize=false' to disable this.

Underfull \hbox (badness 1852) in paragraph at lines 262--263
[]\OT1/cmr/m/n/10.95 [ \OT1/cmr/m/sc/10.95 \in-clude-graph-ics op-ti-mized
 []

The command '\includegraphics [width=\linewidth ]{Figures/Radiative Transfer/BB Cumulative.png}' has been optimized away. Use '/tikz/external/optimize=false' to disable this.

Underfull \hbox (badness 1852) in paragraph at lines 267--268
[]\OT1/cmr/m/n/10.95 [ \OT1/cmr/m/sc/10.95 \in-clude-graph-ics op-ti-mized
 []

The command '\includegraphics [width=\linewidth ]{Figures/Radiative Transfer/Spectral Gap.jpg}' has been optimized away. Use '/tikz/external/optimize=false' to disable this.

Underfull \hbox (badness 10000) in paragraph at lines 272--273
[]\OT1/cmr/m/n/10.95 [ \OT1/cmr/m/sc/10.95 \in-clude-graph-ics
 []


Underfull \hbox (badness 8189) in paragraph at lines 272--273
\OT1/cmr/m/sc/10.95 op-ti-mized away be-
 []


Underfull \hbox (badness 6300) in paragraph at lines 272--273
\OT1/cmr/m/sc/10.95 cause it does not
 []


Underfull \hbox (badness 10000) in paragraph at lines 272--273
\OT1/cmr/m/sc/10.95 con-tribute to ex-
 []




LaTeX Warning: Hyper reference `Schwarzschild' on page 36 undefined on input line 307.








LaTeX Warning: Reference `Shortwave' on page 39 undefined on input line 403.


LaTeX Warning: Reference `Hydrostatic Balance' on page 39 undefined on input line 409.


Overfull \hbox (2.43333pt too wide) in paragraph at lines 413--427
[]$[]$ $[]$
 []


Overfull \hbox (2.43333pt too wide) in paragraph at lines 428--442
[]$[]$ $[]$ 
 []




LaTeX Warning: Reference `Radiative Equilibrium' on page 40 undefined on input line 444.


LaTeX Warning: Hyper reference `Dry Adiabat' on page 40 undefined on input line 444.



Chapter 5.

LaTeX Warning: Hyper reference `Continuum' on page 41 undefined on input line 467.


LaTeX Warning: Reference `CO2 zoomed' on page 41 undefined on input line 467.

The command '\includegraphics [width=\linewidth ]{Figures/Radiative Transfer/CO2 kappa}' has been optimized away. Use '/tikz/external/optimize=false' to disable this.
The command '\includegraphics [width=\linewidth ]{Figures/Radiative Transfer/CO2 zoomed.png}' has been optimized away. Use '/tikz/external/optimize=false' to disable this.



LaTeX Warning: Reference `Equipartition' on page 42 undefined on input line 527.


LaTeX Warning: Reference `CO2 kappa' on page 42 undefined on input line 529.


LaTeX Warning: Hyper reference `Broadening' on page 42 undefined on input line 531.




LaTeX Warning: Reference `CO2 zoomed' on page 43 undefined on input line 561.




LaTeX Warning: Reference `Doppler Broadening F' on page 44 undefined on input line 602.


LaTeX Warning: Reference `Doppler Broadening delt' on page 44 undefined on input line 602.


LaTeX Warning: Reference `Lorentz Box' on page 44 undefined on input line 629.



Chapter 6.
\openout5 = `tikz/main-figure13.dpth'.

[45

{/usr/local/texlive/2025/texmf-var/fonts/map/pdftex/updmap/pdftex.map}]


LaTeX Warning: Reference `Schwarzschild' on page 46 undefined on input line 692.


LaTeX Warning: Reference `Downwards Schwarzschild' on page 46 undefined on input line 713.


LaTeX Warning: Reference `Optical Pressure' on page 46 undefined on input line 722.




LaTeX Warning: Reference `Upwards Schwarzschild' on page 47 undefined on input line 732.


LaTeX Warning: Reference `Downwards Schwarzschild' on page 47 undefined on input line 732.


LaTeX Warning: Reference `Upwards Soln' on page 47 undefined on input line 743.


LaTeX Warning: Reference `Downwards Soln' on page 47 undefined on input line 743.


LaTeX Warning: Reference `Upwards Schwarzschild' on page 47 undefined on input line 743.


LaTeX Warning: Reference `Downwards Schwarzschild' on page 47 undefined on input line 743.


LaTeX Warning: Reference `Upwards Soln' on page 47 undefined on input line 743.


LaTeX Warning: Reference `Downwards Soln' on page 47 undefined on input line 743.




LaTeX Warning: Reference `OLR Transmission Soln' on page 48 undefined on input line 803.






LaTeX Warning: Citation 'Ray' on page 50 undefined on input line 874.


LaTeX Warning: Reference `Upwards Schwarzschild' on page 50 undefined on input line 915.


LaTeX Warning: Reference `Downwards Schwarzschild' on page 50 undefined on input line 915.


LaTeX Warning: Reference `Blackbody Frequency' on page 50 undefined on input line 915.





Chapter 7.

LaTeX Warning: Reference `Downwards Soln' on page 52 undefined on input line 952.


LaTeX Warning: Reference `Upwards Soln' on page 52 undefined on input line 952.


LaTeX Warning: Reference `Upwards Grey' on page 52 undefined on input line 976.


LaTeX Warning: Reference `Downwards Grey' on page 52 undefined on input line 976.


LaTeX Warning: Reference `Radiative Equilibrium' on page 52 undefined on input line 976.


LaTeX Warning: Reference `Dry Adiabat' on page 52 undefined on input line 978.




LaTeX Warning: Reference `Radiative Equilibrium' on page 53 undefined on input line 980.


LaTeX Warning: Reference `Bad Radiative Equilibrium' on page 53 undefined on input line 990.


LaTeX Warning: Reference `Upwards Schwarzschild' on page 53 undefined on input line 990.


LaTeX Warning: Reference `Downwards Schwarzschild' on page 53 undefined on input line 990.


LaTeX Warning: Reference `Upwards Grey' on page 53 undefined on input line 998.


LaTeX Warning: Reference `Downwards Grey' on page 53 undefined on input line 998.


LaTeX Warning: Reference `Radiative Equilibrium' on page 53 undefined on input line 1002.


LaTeX Warning: Reference `Upwards Grey' on page 53 undefined on input line 1006.


LaTeX Warning: Reference `Downwards Grey' on page 53 undefined on input line 1006.


LaTeX Warning: Reference `Radiative Equilibrium' on page 53 undefined on input line 1010.


LaTeX Warning: Reference `Up+Down' on page 53 undefined on input line 1024.


LaTeX Warning: Reference `Up+Down tau' on page 53 undefined on input line 1024.


LaTeX Warning: Reference `Up-Down' on page 53 undefined on input line 1024.


LaTeX Warning: Reference `Up+Down tau' on page 53 undefined on input line 1024.




LaTeX Warning: Reference `Dry Stability' on page 54 undefined on input line 1054.


LaTeX Warning: Reference `Radiative Eq Temperature' on page 54 undefined on input line 1054.


LaTeX Warning: Reference `Dry Stability' on page 54 undefined on input line 1054.



)

\providecommand\hyper@newdestlabel[2]{}
(./Clouds.tex


LaTeX Warning: Hyper reference `Dynamical Systems' on page 57 undefined on input line 10.


LaTeX Warning: Hyper reference `Predictability' on page 57 undefined on input line 16.


LaTeX Warning: Hyper reference `Estimation' on page 57 undefined on input line 22.



Chapter 8.


Chapter 9.

LaTeX Warning: Reference `Climate Dynamics' on page 59 undefined on input line 45.




LaTeX Warning: Reference `Gibbs' on page 60 undefined on input line 71.


LaTeX Warning: Reference `Ideal Gas Primitive' on page 60 undefined on input line 86.


LaTeX Warning: Reference `Specific Gas Constant One' on page 60 undefined on input line 99.


LaTeX Warning: Reference `Kelvin' on page 60 undefined on input line 120.


LaTeX Warning: Reference `Raoult' on page 60 undefined on input line 120.


LaTeX Warning: Reference `Kelvin' on page 60 undefined on input line 120.


LaTeX Warning: Reference `Raoult' on page 60 undefined on input line 120.




LaTeX Warning: Reference `Flux' on page 61 undefined on input line 164.


LaTeX Warning: Reference `number density' on page 61 undefined on input line 164.





Chapter 10.


Chapter 11.
)

\providecommand\hyper@newdestlabel[2]{}
(./Instrumentation.tex

)
\providecommand\hyper@newdestlabel[2]{}
(./Climate Dynamics.tex


LaTeX Warning: Hyper reference `Dynamical Systems' on page 67 undefined on input line 10.


LaTeX Warning: Hyper reference `Predictability' on page 67 undefined on input line 16.


LaTeX Warning: Hyper reference `Estimation' on page 67 undefined on input line 22.



Chapter 12.

Underfull \hbox (badness 10000) in paragraph at lines 49--50

 []


LaTeX Warning: Reference `MOC' on page 68 undefined on input line 60.


Overfull \hbox (2.43767pt too wide) in paragraph at lines 51--67
[] 
 []


Underfull \hbox (badness 10000) in paragraph at lines 51--67

 []


LaTeX Warning: Reference `T_s' on page 68 undefined on input line 68.


LaTeX Warning: Reference `T_d' on page 68 undefined on input line 68.




LaTeX Warning: Reference `T_d' on page 69 undefined on input line 74.


LaTeX Warning: Reference `T_s' on page 69 undefined on input line 74.


LaTeX Warning: Reference `T_d' on page 69 undefined on input line 74.


LaTeX Warning: Reference `T_s short' on page 69 undefined on input line 81.


LaTeX Warning: Reference `Dynamical Systems Solutions' on page 69 undefined on input line 81.


LaTeX Warning: Reference `T_s' on page 69 undefined on input line 83.


LaTeX Warning: Reference `T_s' on page 69 undefined on input line 83.


LaTeX Warning: Reference `T_d' on page 69 undefined on input line 83.


LaTeX Warning: Reference `T_d' on page 69 undefined on input line 89.


LaTeX Warning: Reference `T_s long' on page 69 undefined on input line 89.


LaTeX Warning: Reference `T_d long' on page 69 undefined on input line 89.


LaTeX Warning: Reference `T_s short' on page 69 undefined on input line 97.


LaTeX Warning: Reference `T_d short' on page 69 undefined on input line 97.


LaTeX Warning: Reference `T_s long' on page 69 undefined on input line 97.


LaTeX Warning: Reference `T_d long' on page 69 undefined on input line 97.







Chapter 13.

LaTeX Warning: Reference `Jac' on page 72 undefined on input line 182.




LaTeX Warning: Reference `dx' on page 73 undefined on input line 212.


LaTeX Warning: Reference `dx' on page 73 undefined on input line 218.



Chapter 14.


)

\providecommand\hyper@newdestlabel[2]{}
(./GFD.tex


LaTeX Warning: Hyper reference `Dynamical Systems' on page 77 undefined on input line 10.


LaTeX Warning: Hyper reference `Predictability' on page 77 undefined on input line 16.


LaTeX Warning: Hyper reference `Estimation' on page 77 undefined on input line 22.



Chapter 15.

LaTeX Warning: Hyper reference `Navier Stokes' on page 78 undefined on input line 35.


LaTeX Warning: Hyper reference `Radiative Transfer' on page 78 undefined on input line 35.


LaTeX Warning: Reference `Diff Heating' on page 78 undefined on input line 37.


LaTeX Warning: Reference `Diff Heating' on page 78 undefined on input line 39.

The command '\includegraphics [width=0.5\linewidth ]{Figures/GFD/Diff Heating.jpg}' has been optimized away. Use '/tikz/external/optimize=false' to disable this.

LaTeX Warning: Hyper reference `Dry Adiabat' on page 78 undefined on input line 58.


LaTeX Warning: Hyper reference `Material Derivative' on page 78 undefined on input line 60.




LaTeX Warning: Hyper reference `Material Derivative' on page 79 undefined on input line 66.


LaTeX Warning: Hyper reference `Material Derivative' on page 79 undefined on input line 66.


LaTeX Warning: Hyper reference `Material Conservation' on page 79 undefined on input line 68.


LaTeX Warning: Hyper reference `Material Conservation' on page 79 undefined on input line 70.


LaTeX Warning: Reference `Energy Equation' on page 79 undefined on input line 78.


LaTeX Warning: Hyper reference `Potential Temperature' on page 79 undefined on input line 78.


LaTeX Warning: Reference `Energy Equation' on page 79 undefined on input line 78.


LaTeX Warning: Reference `Navier Stokes' on page 79 undefined on input line 82.


LaTeX Warning: Reference `Mass Conservation' on page 79 undefined on input line 82.


LaTeX Warning: Reference `Energy Equation' on page 79 undefined on input line 82.


LaTeX Warning: Reference `EoS' on page 79 undefined on input line 82.




LaTeX Warning: Reference `Inertial to Rotating' on page 80 undefined on input line 112.

A tikzpicture has been optimized away. Use '/tikz/external/optimize=false' to disable this.
A tikzpicture has been optimized away. Use '/tikz/external/optimize=false' to disable this.

LaTeX Warning: Reference `Rotating' on page 80 undefined on input line 150.


LaTeX Warning: Reference `Inertial' on page 80 undefined on input line 150.


LaTeX Warning: Reference `Inertial' on page 80 undefined on input line 150.


LaTeX Warning: Reference `Rotating' on page 80 undefined on input line 150.


LaTeX Warning: Reference `Inertial' on page 80 undefined on input line 150.


LaTeX Warning: Reference `Inertial' on page 80 undefined on input line 150.


LaTeX Warning: Reference `Rotating Relation' on page 80 undefined on input line 158.




LaTeX Warning: Reference `Navier Stokes' on page 81 undefined on input line 184.


LaTeX Warning: Reference `Navier Stokes Rotating' on page 81 undefined on input line 205.




LaTeX Warning: Reference `Incompressible' on page 82 undefined on input line 218.


LaTeX Warning: Reference `Mass Conservation' on page 82 undefined on input line 218.


Underfull \hbox (badness 10000) in paragraph at lines 222--224

 []


Underfull \hbox (badness 10000) in paragraph at lines 225--250

 []


LaTeX Warning: Reference `Hydrostatic GFD' on page 82 undefined on input line 251.


LaTeX Warning: Hyper reference `Rossby Number' on page 82 undefined on input line 251.




LaTeX Warning: Reference `Horizontal Approximate' on page 83 undefined on input line 281.



Chapter 16.

LaTeX Warning: Reference `Vertical Approximate' on page 84 undefined on input line 293.


LaTeX Warning: Reference `Hydrostatic GFD' on page 84 undefined on input line 344.


LaTeX Warning: Hyper reference `Thermodynamics' on page 84 undefined on input line 344.


LaTeX Warning: Reference `Hydrostatic Balance' on page 84 undefined on input line 344.




LaTeX Warning: Reference `Ideal Gas' on page 85 undefined on input line 346.


LaTeX Warning: Reference `Horizontal Approximate' on page 85 undefined on input line 355.


LaTeX Warning: Reference `Horizontal Approximate' on page 85 undefined on input line 364.

Excluding 'comment' comment.




LaTeX Warning: Reference `Hydrostatic GFD' on page 87 undefined on input line 482.


LaTeX Warning: Reference `Geostrophic Balance' on page 87 undefined on input line 482.


LaTeX Warning: Reference `Thermal Wind' on page 87 undefined on input line 482.



Chapter 17.

LaTeX Warning: Reference `Hydrostatic GFD' on page 88 undefined on input line 506.


LaTeX Warning: Reference `Geostrophic Balance' on page 88 undefined on input line 506.


LaTeX Warning: Reference `Horizontal Approximate' on page 88 undefined on input line 510.


LaTeX Warning: Reference `Vertical Approximate' on page 88 undefined on input line 510.


LaTeX Warning: Reference `Incompressibility' on page 88 undefined on input line 512.


LaTeX Warning: Hyper reference `Hydrostatic GFD' on page 88 undefined on input line 527.




LaTeX Warning: Reference `SW height' on page 89 undefined on input line 576.





Chapter 18.


Chapter 19.

LaTeX Warning: Reference `Ekman Transport' on page 92 undefined on input line 613.


LaTeX Warning: Reference `Sverdrup Balance' on page 92 undefined on input line 613.

)


LaTeX Warning: Empty bibliography on input line 198.



 ***********
LaTeX2e <2024-11-01> patch level 2
L3 programming layer <2025-01-18>
 ***********

LaTeX Warning: There were undefined references.


Package biblatex Warning: Please (re)run Biber on the file:
(biblatex)                tikz/main-figure13
(biblatex)                and rerun LaTeX afterwards.

Package logreq Info: Writing requests to 'tikz/main-figure13.run.xml'.
\openout1 = `tikz/main-figure13.run.xml'.

 ) 
Here is how much of TeX's memory you used:
 43407 strings out of 473190
 928332 string characters out of 5715800
 1551392 words of memory out of 5000000
 66001 multiletter control sequences out of 15000+600000
 578786 words of font info for 112 fonts, out of 8000000 for 9000
 1141 hyphenation exceptions out of 8191
 120i,25n,124p,1002b,1856s stack positions out of 10000i,1000n,20000p,200000b,200000s
</usr/local/texlive/2025/texmf-dist/fonts/type1/public/amsfonts/cm/cmmi10.pfb></usr/local/texlive/2025/texmf-dist/fonts/type1/public/amsfonts/cm/cmmi8.pfb></usr/local/texlive/2025/texmf-dist/fonts/type1/public/amsfonts/cm/cmr10.pfb></usr/local/texlive/2025/texmf-dist/fonts/type1/public/amsfonts/cm/cmsy10.pfb></usr/local/texlive/2025/texmf-dist/fonts/type1/public/amsfonts/cm/cmsy8.pfb>
Output written on tikz/main-figure13.pdf (1 page, 49102 bytes).
PDF statistics:
 127 PDF objects out of 1000 (max. 8388607)
 38 compressed objects within 1 object stream
 1 named destinations out of 1000 (max. 500000)
 162 words of extra memory for PDF output out of 10000 (max. 10000000)

